001/controlled/SR300-laptop/0/ir/00 001
001/controlled/SR300-laptop/0/ir/01 001
001/controlled/SR300-laptop/0/ir/02 001
001/controlled/SR300-laptop/0/ir/03 001
001/controlled/SR300-laptop/0/ir/04 001
001/controlled/SR300-laptop/0/ir/05 001
001/controlled/SR300-laptop/0/ir/06 001
001/controlled/SR300-laptop/0/ir/07 001
001/controlled/SR300-laptop/0/ir/08 001
001/controlled/SR300-laptop/0/ir/09 001
001/controlled/SR300-laptop/1/ir/00 001
001/controlled/SR300-laptop/1/ir/01 001
001/controlled/SR300-laptop/1/ir/02 001
001/controlled/SR300-laptop/1/ir/03 001
001/controlled/SR300-laptop/1/ir/04 001
001/controlled/SR300-laptop/1/ir/05 001
001/controlled/SR300-laptop/1/ir/06 001
001/controlled/SR300-laptop/1/ir/07 001
001/controlled/SR300-laptop/1/ir/08 001
001/controlled/SR300-laptop/1/ir/09 001
001/controlled/SR300-mobile/0/ir/00 001
001/controlled/SR300-mobile/0/ir/01 001
001/controlled/SR300-mobile/0/ir/02 001
001/controlled/SR300-mobile/0/ir/03 001
001/controlled/SR300-mobile/0/ir/04 001
001/controlled/SR300-mobile/0/ir/05 001
001/controlled/SR300-mobile/0/ir/06 001
001/controlled/SR300-mobile/0/ir/07 001
001/controlled/SR300-mobile/0/ir/08 001
001/controlled/SR300-mobile/0/ir/09 001
001/controlled/SR300-mobile/1/ir/00 001
001/controlled/SR300-mobile/1/ir/01 001
001/controlled/SR300-mobile/1/ir/02 001
001/controlled/SR300-mobile/1/ir/03 001
001/controlled/SR300-mobile/1/ir/04 001
001/controlled/SR300-mobile/1/ir/05 001
001/controlled/SR300-mobile/1/ir/06 001
001/controlled/SR300-mobile/1/ir/07 001
001/controlled/SR300-mobile/1/ir/08 001
001/controlled/SR300-mobile/1/ir/09 001
002/controlled/SR300-laptop/0/ir/00 002
002/controlled/SR300-laptop/0/ir/01 002
002/controlled/SR300-laptop/0/ir/02 002
002/controlled/SR300-laptop/0/ir/03 002
002/controlled/SR300-laptop/0/ir/04 002
002/controlled/SR300-laptop/0/ir/05 002
002/controlled/SR300-laptop/0/ir/06 002
002/controlled/SR300-laptop/0/ir/07 002
002/controlled/SR300-laptop/0/ir/08 002
002/controlled/SR300-laptop/0/ir/09 002
002/controlled/SR300-laptop/1/ir/00 002
002/controlled/SR300-laptop/1/ir/01 002
002/controlled/SR300-laptop/1/ir/02 002
002/controlled/SR300-laptop/1/ir/03 002
002/controlled/SR300-laptop/1/ir/04 002
002/controlled/SR300-laptop/1/ir/05 002
002/controlled/SR300-laptop/1/ir/06 002
002/controlled/SR300-laptop/1/ir/07 002
002/controlled/SR300-laptop/1/ir/08 002
002/controlled/SR300-laptop/1/ir/09 002
002/controlled/SR300-mobile/0/ir/00 002
002/controlled/SR300-mobile/0/ir/01 002
002/controlled/SR300-mobile/0/ir/02 002
002/controlled/SR300-mobile/0/ir/03 002
002/controlled/SR300-mobile/0/ir/04 002
002/controlled/SR300-mobile/0/ir/05 002
002/controlled/SR300-mobile/0/ir/06 002
002/controlled/SR300-mobile/0/ir/07 002
002/controlled/SR300-mobile/0/ir/08 002
002/controlled/SR300-mobile/0/ir/09 002
002/controlled/SR300-mobile/1/ir/00 002
002/controlled/SR300-mobile/1/ir/01 002
002/controlled/SR300-mobile/1/ir/02 002
002/controlled/SR300-mobile/1/ir/03 002
002/controlled/SR300-mobile/1/ir/04 002
002/controlled/SR300-mobile/1/ir/05 002
002/controlled/SR300-mobile/1/ir/06 002
002/controlled/SR300-mobile/1/ir/07 002
002/controlled/SR300-mobile/1/ir/08 002
002/controlled/SR300-mobile/1/ir/09 002
003/controlled/SR300-laptop/0/ir/00 003
003/controlled/SR300-laptop/0/ir/01 003
003/controlled/SR300-laptop/0/ir/02 003
003/controlled/SR300-laptop/0/ir/03 003
003/controlled/SR300-laptop/0/ir/04 003
003/controlled/SR300-laptop/0/ir/05 003
003/controlled/SR300-laptop/0/ir/06 003
003/controlled/SR300-laptop/0/ir/07 003
003/controlled/SR300-laptop/0/ir/08 003
003/controlled/SR300-laptop/0/ir/09 003
003/controlled/SR300-laptop/1/ir/00 003
003/controlled/SR300-laptop/1/ir/01 003
003/controlled/SR300-laptop/1/ir/02 003
003/controlled/SR300-laptop/1/ir/03 003
003/controlled/SR300-laptop/1/ir/04 003
003/controlled/SR300-laptop/1/ir/05 003
003/controlled/SR300-laptop/1/ir/06 003
003/controlled/SR300-laptop/1/ir/07 003
003/controlled/SR300-laptop/1/ir/08 003
003/controlled/SR300-laptop/1/ir/09 003
003/controlled/SR300-mobile/0/ir/00 003
003/controlled/SR300-mobile/0/ir/01 003
003/controlled/SR300-mobile/0/ir/02 003
003/controlled/SR300-mobile/0/ir/03 003
003/controlled/SR300-mobile/0/ir/04 003
003/controlled/SR300-mobile/0/ir/05 003
003/controlled/SR300-mobile/0/ir/06 003
003/controlled/SR300-mobile/0/ir/07 003
003/controlled/SR300-mobile/0/ir/08 003
003/controlled/SR300-mobile/0/ir/09 003
003/controlled/SR300-mobile/1/ir/00 003
003/controlled/SR300-mobile/1/ir/01 003
003/controlled/SR300-mobile/1/ir/02 003
003/controlled/SR300-mobile/1/ir/03 003
003/controlled/SR300-mobile/1/ir/04 003
003/controlled/SR300-mobile/1/ir/05 003
003/controlled/SR300-mobile/1/ir/06 003
003/controlled/SR300-mobile/1/ir/07 003
003/controlled/SR300-mobile/1/ir/08 003
003/controlled/SR300-mobile/1/ir/09 003
004/controlled/SR300-laptop/0/ir/00 004
004/controlled/SR300-laptop/0/ir/01 004
004/controlled/SR300-laptop/0/ir/02 004
004/controlled/SR300-laptop/0/ir/03 004
004/controlled/SR300-laptop/0/ir/04 004
004/controlled/SR300-laptop/0/ir/05 004
004/controlled/SR300-laptop/0/ir/06 004
004/controlled/SR300-laptop/0/ir/07 004
004/controlled/SR300-laptop/0/ir/08 004
004/controlled/SR300-laptop/0/ir/09 004
004/controlled/SR300-laptop/1/ir/00 004
004/controlled/SR300-laptop/1/ir/01 004
004/controlled/SR300-laptop/1/ir/02 004
004/controlled/SR300-laptop/1/ir/03 004
004/controlled/SR300-laptop/1/ir/04 004
004/controlled/SR300-laptop/1/ir/05 004
004/controlled/SR300-laptop/1/ir/06 004
004/controlled/SR300-laptop/1/ir/07 004
004/controlled/SR300-laptop/1/ir/08 004
004/controlled/SR300-laptop/1/ir/09 004
004/controlled/SR300-mobile/0/ir/00 004
004/controlled/SR300-mobile/0/ir/01 004
004/controlled/SR300-mobile/0/ir/02 004
004/controlled/SR300-mobile/0/ir/03 004
004/controlled/SR300-mobile/0/ir/04 004
004/controlled/SR300-mobile/0/ir/05 004
004/controlled/SR300-mobile/0/ir/06 004
004/controlled/SR300-mobile/0/ir/07 004
004/controlled/SR300-mobile/0/ir/08 004
004/controlled/SR300-mobile/0/ir/09 004
004/controlled/SR300-mobile/1/ir/00 004
004/controlled/SR300-mobile/1/ir/01 004
004/controlled/SR300-mobile/1/ir/02 004
004/controlled/SR300-mobile/1/ir/03 004
004/controlled/SR300-mobile/1/ir/04 004
004/controlled/SR300-mobile/1/ir/05 004
004/controlled/SR300-mobile/1/ir/06 004
004/controlled/SR300-mobile/1/ir/07 004
004/controlled/SR300-mobile/1/ir/08 004
004/controlled/SR300-mobile/1/ir/09 004
005/controlled/SR300-laptop/0/ir/00 005
005/controlled/SR300-laptop/0/ir/01 005
005/controlled/SR300-laptop/0/ir/02 005
005/controlled/SR300-laptop/0/ir/03 005
005/controlled/SR300-laptop/0/ir/04 005
005/controlled/SR300-laptop/0/ir/05 005
005/controlled/SR300-laptop/0/ir/06 005
005/controlled/SR300-laptop/0/ir/07 005
005/controlled/SR300-laptop/0/ir/08 005
005/controlled/SR300-laptop/0/ir/09 005
005/controlled/SR300-laptop/1/ir/00 005
005/controlled/SR300-laptop/1/ir/01 005
005/controlled/SR300-laptop/1/ir/02 005
005/controlled/SR300-laptop/1/ir/03 005
005/controlled/SR300-laptop/1/ir/04 005
005/controlled/SR300-laptop/1/ir/05 005
005/controlled/SR300-laptop/1/ir/06 005
005/controlled/SR300-laptop/1/ir/07 005
005/controlled/SR300-laptop/1/ir/08 005
005/controlled/SR300-laptop/1/ir/09 005
005/controlled/SR300-mobile/0/ir/00 005
005/controlled/SR300-mobile/0/ir/01 005
005/controlled/SR300-mobile/0/ir/02 005
005/controlled/SR300-mobile/0/ir/03 005
005/controlled/SR300-mobile/0/ir/04 005
005/controlled/SR300-mobile/0/ir/05 005
005/controlled/SR300-mobile/0/ir/06 005
005/controlled/SR300-mobile/0/ir/07 005
005/controlled/SR300-mobile/0/ir/08 005
005/controlled/SR300-mobile/0/ir/09 005
005/controlled/SR300-mobile/1/ir/00 005
005/controlled/SR300-mobile/1/ir/01 005
005/controlled/SR300-mobile/1/ir/02 005
005/controlled/SR300-mobile/1/ir/03 005
005/controlled/SR300-mobile/1/ir/04 005
005/controlled/SR300-mobile/1/ir/05 005
005/controlled/SR300-mobile/1/ir/06 005
005/controlled/SR300-mobile/1/ir/07 005
005/controlled/SR300-mobile/1/ir/08 005
005/controlled/SR300-mobile/1/ir/09 005
006/controlled/SR300-laptop/0/ir/00 006
006/controlled/SR300-laptop/0/ir/01 006
006/controlled/SR300-laptop/0/ir/02 006
006/controlled/SR300-laptop/0/ir/03 006
006/controlled/SR300-laptop/0/ir/04 006
006/controlled/SR300-laptop/0/ir/05 006
006/controlled/SR300-laptop/0/ir/06 006
006/controlled/SR300-laptop/0/ir/07 006
006/controlled/SR300-laptop/0/ir/08 006
006/controlled/SR300-laptop/0/ir/09 006
006/controlled/SR300-laptop/1/ir/00 006
006/controlled/SR300-laptop/1/ir/01 006
006/controlled/SR300-laptop/1/ir/02 006
006/controlled/SR300-laptop/1/ir/03 006
006/controlled/SR300-laptop/1/ir/04 006
006/controlled/SR300-laptop/1/ir/05 006
006/controlled/SR300-laptop/1/ir/06 006
006/controlled/SR300-laptop/1/ir/07 006
006/controlled/SR300-laptop/1/ir/08 006
006/controlled/SR300-laptop/1/ir/09 006
006/controlled/SR300-mobile/0/ir/00 006
006/controlled/SR300-mobile/0/ir/01 006
006/controlled/SR300-mobile/0/ir/02 006
006/controlled/SR300-mobile/0/ir/03 006
006/controlled/SR300-mobile/0/ir/04 006
006/controlled/SR300-mobile/0/ir/05 006
006/controlled/SR300-mobile/0/ir/06 006
006/controlled/SR300-mobile/0/ir/07 006
006/controlled/SR300-mobile/0/ir/08 006
006/controlled/SR300-mobile/0/ir/09 006
006/controlled/SR300-mobile/1/ir/00 006
006/controlled/SR300-mobile/1/ir/01 006
006/controlled/SR300-mobile/1/ir/02 006
006/controlled/SR300-mobile/1/ir/03 006
006/controlled/SR300-mobile/1/ir/04 006
006/controlled/SR300-mobile/1/ir/05 006
006/controlled/SR300-mobile/1/ir/06 006
006/controlled/SR300-mobile/1/ir/07 006
006/controlled/SR300-mobile/1/ir/08 006
006/controlled/SR300-mobile/1/ir/09 006
007/controlled/SR300-laptop/0/ir/00 007
007/controlled/SR300-laptop/0/ir/01 007
007/controlled/SR300-laptop/0/ir/02 007
007/controlled/SR300-laptop/0/ir/03 007
007/controlled/SR300-laptop/0/ir/04 007
007/controlled/SR300-laptop/0/ir/05 007
007/controlled/SR300-laptop/0/ir/06 007
007/controlled/SR300-laptop/0/ir/07 007
007/controlled/SR300-laptop/0/ir/08 007
007/controlled/SR300-laptop/0/ir/09 007
007/controlled/SR300-laptop/1/ir/00 007
007/controlled/SR300-laptop/1/ir/01 007
007/controlled/SR300-laptop/1/ir/02 007
007/controlled/SR300-laptop/1/ir/03 007
007/controlled/SR300-laptop/1/ir/04 007
007/controlled/SR300-laptop/1/ir/05 007
007/controlled/SR300-laptop/1/ir/06 007
007/controlled/SR300-laptop/1/ir/07 007
007/controlled/SR300-laptop/1/ir/08 007
007/controlled/SR300-laptop/1/ir/09 007
007/controlled/SR300-mobile/0/ir/00 007
007/controlled/SR300-mobile/0/ir/01 007
007/controlled/SR300-mobile/0/ir/02 007
007/controlled/SR300-mobile/0/ir/03 007
007/controlled/SR300-mobile/0/ir/04 007
007/controlled/SR300-mobile/0/ir/05 007
007/controlled/SR300-mobile/0/ir/06 007
007/controlled/SR300-mobile/0/ir/07 007
007/controlled/SR300-mobile/0/ir/08 007
007/controlled/SR300-mobile/0/ir/09 007
007/controlled/SR300-mobile/1/ir/00 007
007/controlled/SR300-mobile/1/ir/01 007
007/controlled/SR300-mobile/1/ir/02 007
007/controlled/SR300-mobile/1/ir/03 007
007/controlled/SR300-mobile/1/ir/04 007
007/controlled/SR300-mobile/1/ir/05 007
007/controlled/SR300-mobile/1/ir/06 007
007/controlled/SR300-mobile/1/ir/07 007
007/controlled/SR300-mobile/1/ir/08 007
007/controlled/SR300-mobile/1/ir/09 007
008/controlled/SR300-laptop/0/ir/00 008
008/controlled/SR300-laptop/0/ir/01 008
008/controlled/SR300-laptop/0/ir/02 008
008/controlled/SR300-laptop/0/ir/03 008
008/controlled/SR300-laptop/0/ir/04 008
008/controlled/SR300-laptop/0/ir/05 008
008/controlled/SR300-laptop/0/ir/06 008
008/controlled/SR300-laptop/0/ir/07 008
008/controlled/SR300-laptop/0/ir/08 008
008/controlled/SR300-laptop/0/ir/09 008
008/controlled/SR300-laptop/1/ir/00 008
008/controlled/SR300-laptop/1/ir/01 008
008/controlled/SR300-laptop/1/ir/02 008
008/controlled/SR300-laptop/1/ir/03 008
008/controlled/SR300-laptop/1/ir/04 008
008/controlled/SR300-laptop/1/ir/05 008
008/controlled/SR300-laptop/1/ir/06 008
008/controlled/SR300-laptop/1/ir/07 008
008/controlled/SR300-laptop/1/ir/08 008
008/controlled/SR300-laptop/1/ir/09 008
008/controlled/SR300-mobile/0/ir/00 008
008/controlled/SR300-mobile/0/ir/01 008
008/controlled/SR300-mobile/0/ir/02 008
008/controlled/SR300-mobile/0/ir/03 008
008/controlled/SR300-mobile/0/ir/04 008
008/controlled/SR300-mobile/0/ir/05 008
008/controlled/SR300-mobile/0/ir/06 008
008/controlled/SR300-mobile/0/ir/07 008
008/controlled/SR300-mobile/0/ir/08 008
008/controlled/SR300-mobile/0/ir/09 008
008/controlled/SR300-mobile/1/ir/00 008
008/controlled/SR300-mobile/1/ir/01 008
008/controlled/SR300-mobile/1/ir/02 008
008/controlled/SR300-mobile/1/ir/03 008
008/controlled/SR300-mobile/1/ir/04 008
008/controlled/SR300-mobile/1/ir/05 008
008/controlled/SR300-mobile/1/ir/06 008
008/controlled/SR300-mobile/1/ir/07 008
008/controlled/SR300-mobile/1/ir/08 008
008/controlled/SR300-mobile/1/ir/09 008
009/controlled/SR300-laptop/0/ir/00 009
009/controlled/SR300-laptop/0/ir/01 009
009/controlled/SR300-laptop/0/ir/02 009
009/controlled/SR300-laptop/0/ir/03 009
009/controlled/SR300-laptop/0/ir/04 009
009/controlled/SR300-laptop/0/ir/05 009
009/controlled/SR300-laptop/0/ir/06 009
009/controlled/SR300-laptop/0/ir/07 009
009/controlled/SR300-laptop/0/ir/08 009
009/controlled/SR300-laptop/0/ir/09 009
009/controlled/SR300-laptop/1/ir/00 009
009/controlled/SR300-laptop/1/ir/01 009
009/controlled/SR300-laptop/1/ir/02 009
009/controlled/SR300-laptop/1/ir/03 009
009/controlled/SR300-laptop/1/ir/04 009
009/controlled/SR300-laptop/1/ir/05 009
009/controlled/SR300-laptop/1/ir/06 009
009/controlled/SR300-laptop/1/ir/07 009
009/controlled/SR300-laptop/1/ir/08 009
009/controlled/SR300-laptop/1/ir/09 009
009/controlled/SR300-mobile/0/ir/00 009
009/controlled/SR300-mobile/0/ir/01 009
009/controlled/SR300-mobile/0/ir/02 009
009/controlled/SR300-mobile/0/ir/03 009
009/controlled/SR300-mobile/0/ir/04 009
009/controlled/SR300-mobile/0/ir/05 009
009/controlled/SR300-mobile/0/ir/06 009
009/controlled/SR300-mobile/0/ir/07 009
009/controlled/SR300-mobile/0/ir/08 009
009/controlled/SR300-mobile/0/ir/09 009
009/controlled/SR300-mobile/1/ir/00 009
009/controlled/SR300-mobile/1/ir/01 009
009/controlled/SR300-mobile/1/ir/02 009
009/controlled/SR300-mobile/1/ir/03 009
009/controlled/SR300-mobile/1/ir/04 009
009/controlled/SR300-mobile/1/ir/05 009
009/controlled/SR300-mobile/1/ir/06 009
009/controlled/SR300-mobile/1/ir/07 009
009/controlled/SR300-mobile/1/ir/08 009
009/controlled/SR300-mobile/1/ir/09 009
010/controlled/SR300-laptop/0/ir/00 010
010/controlled/SR300-laptop/0/ir/01 010
010/controlled/SR300-laptop/0/ir/02 010
010/controlled/SR300-laptop/0/ir/03 010
010/controlled/SR300-laptop/0/ir/04 010
010/controlled/SR300-laptop/0/ir/05 010
010/controlled/SR300-laptop/0/ir/06 010
010/controlled/SR300-laptop/0/ir/07 010
010/controlled/SR300-laptop/0/ir/08 010
010/controlled/SR300-laptop/0/ir/09 010
010/controlled/SR300-laptop/1/ir/00 010
010/controlled/SR300-laptop/1/ir/01 010
010/controlled/SR300-laptop/1/ir/02 010
010/controlled/SR300-laptop/1/ir/03 010
010/controlled/SR300-laptop/1/ir/04 010
010/controlled/SR300-laptop/1/ir/05 010
010/controlled/SR300-laptop/1/ir/06 010
010/controlled/SR300-laptop/1/ir/07 010
010/controlled/SR300-laptop/1/ir/08 010
010/controlled/SR300-laptop/1/ir/09 010
010/controlled/SR300-mobile/0/ir/00 010
010/controlled/SR300-mobile/0/ir/01 010
010/controlled/SR300-mobile/0/ir/02 010
010/controlled/SR300-mobile/0/ir/03 010
010/controlled/SR300-mobile/0/ir/04 010
010/controlled/SR300-mobile/0/ir/05 010
010/controlled/SR300-mobile/0/ir/06 010
010/controlled/SR300-mobile/0/ir/07 010
010/controlled/SR300-mobile/0/ir/08 010
010/controlled/SR300-mobile/0/ir/09 010
010/controlled/SR300-mobile/1/ir/00 010
010/controlled/SR300-mobile/1/ir/01 010
010/controlled/SR300-mobile/1/ir/02 010
010/controlled/SR300-mobile/1/ir/03 010
010/controlled/SR300-mobile/1/ir/04 010
010/controlled/SR300-mobile/1/ir/05 010
010/controlled/SR300-mobile/1/ir/06 010
010/controlled/SR300-mobile/1/ir/07 010
010/controlled/SR300-mobile/1/ir/08 010
010/controlled/SR300-mobile/1/ir/09 010
011/controlled/SR300-laptop/0/ir/00 011
011/controlled/SR300-laptop/0/ir/01 011
011/controlled/SR300-laptop/0/ir/02 011
011/controlled/SR300-laptop/0/ir/03 011
011/controlled/SR300-laptop/0/ir/04 011
011/controlled/SR300-laptop/0/ir/05 011
011/controlled/SR300-laptop/0/ir/06 011
011/controlled/SR300-laptop/0/ir/07 011
011/controlled/SR300-laptop/0/ir/08 011
011/controlled/SR300-laptop/0/ir/09 011
011/controlled/SR300-laptop/1/ir/00 011
011/controlled/SR300-laptop/1/ir/01 011
011/controlled/SR300-laptop/1/ir/02 011
011/controlled/SR300-laptop/1/ir/03 011
011/controlled/SR300-laptop/1/ir/04 011
011/controlled/SR300-laptop/1/ir/05 011
011/controlled/SR300-laptop/1/ir/06 011
011/controlled/SR300-laptop/1/ir/07 011
011/controlled/SR300-laptop/1/ir/08 011
011/controlled/SR300-laptop/1/ir/09 011
011/controlled/SR300-mobile/0/ir/00 011
011/controlled/SR300-mobile/0/ir/01 011
011/controlled/SR300-mobile/0/ir/02 011
011/controlled/SR300-mobile/0/ir/03 011
011/controlled/SR300-mobile/0/ir/04 011
011/controlled/SR300-mobile/0/ir/05 011
011/controlled/SR300-mobile/0/ir/06 011
011/controlled/SR300-mobile/0/ir/07 011
011/controlled/SR300-mobile/0/ir/08 011
011/controlled/SR300-mobile/0/ir/09 011
011/controlled/SR300-mobile/1/ir/00 011
011/controlled/SR300-mobile/1/ir/01 011
011/controlled/SR300-mobile/1/ir/02 011
011/controlled/SR300-mobile/1/ir/03 011
011/controlled/SR300-mobile/1/ir/04 011
011/controlled/SR300-mobile/1/ir/05 011
011/controlled/SR300-mobile/1/ir/06 011
011/controlled/SR300-mobile/1/ir/07 011
011/controlled/SR300-mobile/1/ir/08 011
011/controlled/SR300-mobile/1/ir/09 011
012/controlled/SR300-laptop/0/ir/00 012
012/controlled/SR300-laptop/0/ir/01 012
012/controlled/SR300-laptop/0/ir/02 012
012/controlled/SR300-laptop/0/ir/03 012
012/controlled/SR300-laptop/0/ir/04 012
012/controlled/SR300-laptop/0/ir/05 012
012/controlled/SR300-laptop/0/ir/06 012
012/controlled/SR300-laptop/0/ir/07 012
012/controlled/SR300-laptop/0/ir/08 012
012/controlled/SR300-laptop/0/ir/09 012
012/controlled/SR300-laptop/1/ir/00 012
012/controlled/SR300-laptop/1/ir/01 012
012/controlled/SR300-laptop/1/ir/02 012
012/controlled/SR300-laptop/1/ir/03 012
012/controlled/SR300-laptop/1/ir/04 012
012/controlled/SR300-laptop/1/ir/05 012
012/controlled/SR300-laptop/1/ir/06 012
012/controlled/SR300-laptop/1/ir/07 012
012/controlled/SR300-laptop/1/ir/08 012
012/controlled/SR300-laptop/1/ir/09 012
012/controlled/SR300-mobile/0/ir/00 012
012/controlled/SR300-mobile/0/ir/01 012
012/controlled/SR300-mobile/0/ir/02 012
012/controlled/SR300-mobile/0/ir/03 012
012/controlled/SR300-mobile/0/ir/04 012
012/controlled/SR300-mobile/0/ir/05 012
012/controlled/SR300-mobile/0/ir/06 012
012/controlled/SR300-mobile/0/ir/07 012
012/controlled/SR300-mobile/0/ir/08 012
012/controlled/SR300-mobile/0/ir/09 012
012/controlled/SR300-mobile/1/ir/00 012
012/controlled/SR300-mobile/1/ir/01 012
012/controlled/SR300-mobile/1/ir/02 012
012/controlled/SR300-mobile/1/ir/03 012
012/controlled/SR300-mobile/1/ir/04 012
012/controlled/SR300-mobile/1/ir/05 012
012/controlled/SR300-mobile/1/ir/06 012
012/controlled/SR300-mobile/1/ir/07 012
012/controlled/SR300-mobile/1/ir/08 012
012/controlled/SR300-mobile/1/ir/09 012
013/controlled/SR300-laptop/0/ir/00 013
013/controlled/SR300-laptop/0/ir/01 013
013/controlled/SR300-laptop/0/ir/02 013
013/controlled/SR300-laptop/0/ir/03 013
013/controlled/SR300-laptop/0/ir/04 013
013/controlled/SR300-laptop/0/ir/05 013
013/controlled/SR300-laptop/0/ir/06 013
013/controlled/SR300-laptop/0/ir/07 013
013/controlled/SR300-laptop/0/ir/08 013
013/controlled/SR300-laptop/0/ir/09 013
013/controlled/SR300-laptop/1/ir/00 013
013/controlled/SR300-laptop/1/ir/01 013
013/controlled/SR300-laptop/1/ir/02 013
013/controlled/SR300-laptop/1/ir/03 013
013/controlled/SR300-laptop/1/ir/04 013
013/controlled/SR300-laptop/1/ir/05 013
013/controlled/SR300-laptop/1/ir/06 013
013/controlled/SR300-laptop/1/ir/07 013
013/controlled/SR300-laptop/1/ir/08 013
013/controlled/SR300-laptop/1/ir/09 013
013/controlled/SR300-mobile/0/ir/00 013
013/controlled/SR300-mobile/0/ir/01 013
013/controlled/SR300-mobile/0/ir/02 013
013/controlled/SR300-mobile/0/ir/03 013
013/controlled/SR300-mobile/0/ir/04 013
013/controlled/SR300-mobile/0/ir/05 013
013/controlled/SR300-mobile/0/ir/06 013
013/controlled/SR300-mobile/0/ir/07 013
013/controlled/SR300-mobile/0/ir/08 013
013/controlled/SR300-mobile/0/ir/09 013
013/controlled/SR300-mobile/1/ir/00 013
013/controlled/SR300-mobile/1/ir/01 013
013/controlled/SR300-mobile/1/ir/02 013
013/controlled/SR300-mobile/1/ir/03 013
013/controlled/SR300-mobile/1/ir/04 013
013/controlled/SR300-mobile/1/ir/05 013
013/controlled/SR300-mobile/1/ir/06 013
013/controlled/SR300-mobile/1/ir/07 013
013/controlled/SR300-mobile/1/ir/08 013
013/controlled/SR300-mobile/1/ir/09 013
014/controlled/SR300-laptop/0/ir/00 014
014/controlled/SR300-laptop/0/ir/01 014
014/controlled/SR300-laptop/0/ir/02 014
014/controlled/SR300-laptop/0/ir/03 014
014/controlled/SR300-laptop/0/ir/04 014
014/controlled/SR300-laptop/0/ir/05 014
014/controlled/SR300-laptop/0/ir/06 014
014/controlled/SR300-laptop/0/ir/07 014
014/controlled/SR300-laptop/0/ir/08 014
014/controlled/SR300-laptop/0/ir/09 014
014/controlled/SR300-laptop/1/ir/00 014
014/controlled/SR300-laptop/1/ir/01 014
014/controlled/SR300-laptop/1/ir/02 014
014/controlled/SR300-laptop/1/ir/03 014
014/controlled/SR300-laptop/1/ir/04 014
014/controlled/SR300-laptop/1/ir/05 014
014/controlled/SR300-laptop/1/ir/06 014
014/controlled/SR300-laptop/1/ir/07 014
014/controlled/SR300-laptop/1/ir/08 014
014/controlled/SR300-laptop/1/ir/09 014
014/controlled/SR300-mobile/0/ir/00 014
014/controlled/SR300-mobile/0/ir/01 014
014/controlled/SR300-mobile/0/ir/02 014
014/controlled/SR300-mobile/0/ir/03 014
014/controlled/SR300-mobile/0/ir/04 014
014/controlled/SR300-mobile/0/ir/05 014
014/controlled/SR300-mobile/0/ir/06 014
014/controlled/SR300-mobile/0/ir/07 014
014/controlled/SR300-mobile/0/ir/08 014
014/controlled/SR300-mobile/0/ir/09 014
014/controlled/SR300-mobile/1/ir/00 014
014/controlled/SR300-mobile/1/ir/01 014
014/controlled/SR300-mobile/1/ir/02 014
014/controlled/SR300-mobile/1/ir/03 014
014/controlled/SR300-mobile/1/ir/04 014
014/controlled/SR300-mobile/1/ir/05 014
014/controlled/SR300-mobile/1/ir/06 014
014/controlled/SR300-mobile/1/ir/07 014
014/controlled/SR300-mobile/1/ir/08 014
014/controlled/SR300-mobile/1/ir/09 014
015/controlled/SR300-laptop/0/ir/00 015
015/controlled/SR300-laptop/0/ir/01 015
015/controlled/SR300-laptop/0/ir/02 015
015/controlled/SR300-laptop/0/ir/03 015
015/controlled/SR300-laptop/0/ir/04 015
015/controlled/SR300-laptop/0/ir/05 015
015/controlled/SR300-laptop/0/ir/06 015
015/controlled/SR300-laptop/0/ir/07 015
015/controlled/SR300-laptop/0/ir/08 015
015/controlled/SR300-laptop/0/ir/09 015
015/controlled/SR300-laptop/1/ir/00 015
015/controlled/SR300-laptop/1/ir/01 015
015/controlled/SR300-laptop/1/ir/02 015
015/controlled/SR300-laptop/1/ir/03 015
015/controlled/SR300-laptop/1/ir/04 015
015/controlled/SR300-laptop/1/ir/05 015
015/controlled/SR300-laptop/1/ir/06 015
015/controlled/SR300-laptop/1/ir/07 015
015/controlled/SR300-laptop/1/ir/08 015
015/controlled/SR300-laptop/1/ir/09 015
015/controlled/SR300-mobile/0/ir/00 015
015/controlled/SR300-mobile/0/ir/01 015
015/controlled/SR300-mobile/0/ir/02 015
015/controlled/SR300-mobile/0/ir/03 015
015/controlled/SR300-mobile/0/ir/04 015
015/controlled/SR300-mobile/0/ir/05 015
015/controlled/SR300-mobile/0/ir/06 015
015/controlled/SR300-mobile/0/ir/07 015
015/controlled/SR300-mobile/0/ir/08 015
015/controlled/SR300-mobile/0/ir/09 015
015/controlled/SR300-mobile/1/ir/00 015
015/controlled/SR300-mobile/1/ir/01 015
015/controlled/SR300-mobile/1/ir/02 015
015/controlled/SR300-mobile/1/ir/03 015
015/controlled/SR300-mobile/1/ir/04 015
015/controlled/SR300-mobile/1/ir/05 015
015/controlled/SR300-mobile/1/ir/06 015
015/controlled/SR300-mobile/1/ir/07 015
015/controlled/SR300-mobile/1/ir/08 015
015/controlled/SR300-mobile/1/ir/09 015
016/controlled/SR300-laptop/0/ir/00 016
016/controlled/SR300-laptop/0/ir/01 016
016/controlled/SR300-laptop/0/ir/02 016
016/controlled/SR300-laptop/0/ir/03 016
016/controlled/SR300-laptop/0/ir/04 016
016/controlled/SR300-laptop/0/ir/05 016
016/controlled/SR300-laptop/0/ir/06 016
016/controlled/SR300-laptop/0/ir/07 016
016/controlled/SR300-laptop/0/ir/08 016
016/controlled/SR300-laptop/0/ir/09 016
016/controlled/SR300-laptop/1/ir/00 016
016/controlled/SR300-laptop/1/ir/01 016
016/controlled/SR300-laptop/1/ir/02 016
016/controlled/SR300-laptop/1/ir/03 016
016/controlled/SR300-laptop/1/ir/04 016
016/controlled/SR300-laptop/1/ir/05 016
016/controlled/SR300-laptop/1/ir/06 016
016/controlled/SR300-laptop/1/ir/07 016
016/controlled/SR300-laptop/1/ir/08 016
016/controlled/SR300-laptop/1/ir/09 016
016/controlled/SR300-mobile/0/ir/00 016
016/controlled/SR300-mobile/0/ir/01 016
016/controlled/SR300-mobile/0/ir/02 016
016/controlled/SR300-mobile/0/ir/03 016
016/controlled/SR300-mobile/0/ir/04 016
016/controlled/SR300-mobile/0/ir/05 016
016/controlled/SR300-mobile/0/ir/06 016
016/controlled/SR300-mobile/0/ir/07 016
016/controlled/SR300-mobile/0/ir/08 016
016/controlled/SR300-mobile/0/ir/09 016
016/controlled/SR300-mobile/1/ir/00 016
016/controlled/SR300-mobile/1/ir/01 016
016/controlled/SR300-mobile/1/ir/02 016
016/controlled/SR300-mobile/1/ir/03 016
016/controlled/SR300-mobile/1/ir/04 016
016/controlled/SR300-mobile/1/ir/05 016
016/controlled/SR300-mobile/1/ir/06 016
016/controlled/SR300-mobile/1/ir/07 016
016/controlled/SR300-mobile/1/ir/08 016
016/controlled/SR300-mobile/1/ir/09 016
017/controlled/SR300-laptop/0/ir/00 017
017/controlled/SR300-laptop/0/ir/01 017
017/controlled/SR300-laptop/0/ir/02 017
017/controlled/SR300-laptop/0/ir/03 017
017/controlled/SR300-laptop/0/ir/04 017
017/controlled/SR300-laptop/0/ir/05 017
017/controlled/SR300-laptop/0/ir/06 017
017/controlled/SR300-laptop/0/ir/07 017
017/controlled/SR300-laptop/0/ir/08 017
017/controlled/SR300-laptop/0/ir/09 017
017/controlled/SR300-laptop/1/ir/00 017
017/controlled/SR300-laptop/1/ir/01 017
017/controlled/SR300-laptop/1/ir/02 017
017/controlled/SR300-laptop/1/ir/03 017
017/controlled/SR300-laptop/1/ir/04 017
017/controlled/SR300-laptop/1/ir/05 017
017/controlled/SR300-laptop/1/ir/06 017
017/controlled/SR300-laptop/1/ir/07 017
017/controlled/SR300-laptop/1/ir/08 017
017/controlled/SR300-laptop/1/ir/09 017
017/controlled/SR300-mobile/0/ir/00 017
017/controlled/SR300-mobile/0/ir/01 017
017/controlled/SR300-mobile/0/ir/02 017
017/controlled/SR300-mobile/0/ir/03 017
017/controlled/SR300-mobile/0/ir/04 017
017/controlled/SR300-mobile/0/ir/05 017
017/controlled/SR300-mobile/0/ir/06 017
017/controlled/SR300-mobile/0/ir/07 017
017/controlled/SR300-mobile/0/ir/08 017
017/controlled/SR300-mobile/0/ir/09 017
017/controlled/SR300-mobile/1/ir/00 017
017/controlled/SR300-mobile/1/ir/01 017
017/controlled/SR300-mobile/1/ir/02 017
017/controlled/SR300-mobile/1/ir/03 017
017/controlled/SR300-mobile/1/ir/04 017
017/controlled/SR300-mobile/1/ir/05 017
017/controlled/SR300-mobile/1/ir/06 017
017/controlled/SR300-mobile/1/ir/07 017
017/controlled/SR300-mobile/1/ir/08 017
017/controlled/SR300-mobile/1/ir/09 017
018/controlled/SR300-laptop/0/ir/00 018
018/controlled/SR300-laptop/0/ir/01 018
018/controlled/SR300-laptop/0/ir/02 018
018/controlled/SR300-laptop/0/ir/03 018
018/controlled/SR300-laptop/0/ir/04 018
018/controlled/SR300-laptop/0/ir/05 018
018/controlled/SR300-laptop/0/ir/06 018
018/controlled/SR300-laptop/0/ir/07 018
018/controlled/SR300-laptop/0/ir/08 018
018/controlled/SR300-laptop/0/ir/09 018
018/controlled/SR300-laptop/1/ir/00 018
018/controlled/SR300-laptop/1/ir/01 018
018/controlled/SR300-laptop/1/ir/02 018
018/controlled/SR300-laptop/1/ir/03 018
018/controlled/SR300-laptop/1/ir/04 018
018/controlled/SR300-laptop/1/ir/05 018
018/controlled/SR300-laptop/1/ir/06 018
018/controlled/SR300-laptop/1/ir/07 018
018/controlled/SR300-laptop/1/ir/08 018
018/controlled/SR300-laptop/1/ir/09 018
018/controlled/SR300-mobile/0/ir/00 018
018/controlled/SR300-mobile/0/ir/01 018
018/controlled/SR300-mobile/0/ir/02 018
018/controlled/SR300-mobile/0/ir/03 018
018/controlled/SR300-mobile/0/ir/04 018
018/controlled/SR300-mobile/0/ir/05 018
018/controlled/SR300-mobile/0/ir/06 018
018/controlled/SR300-mobile/0/ir/07 018
018/controlled/SR300-mobile/0/ir/08 018
018/controlled/SR300-mobile/0/ir/09 018
018/controlled/SR300-mobile/1/ir/00 018
018/controlled/SR300-mobile/1/ir/01 018
018/controlled/SR300-mobile/1/ir/02 018
018/controlled/SR300-mobile/1/ir/03 018
018/controlled/SR300-mobile/1/ir/04 018
018/controlled/SR300-mobile/1/ir/05 018
018/controlled/SR300-mobile/1/ir/06 018
018/controlled/SR300-mobile/1/ir/07 018
018/controlled/SR300-mobile/1/ir/08 018
018/controlled/SR300-mobile/1/ir/09 018
019/controlled/SR300-laptop/0/ir/00 019
019/controlled/SR300-laptop/0/ir/01 019
019/controlled/SR300-laptop/0/ir/02 019
019/controlled/SR300-laptop/0/ir/03 019
019/controlled/SR300-laptop/0/ir/04 019
019/controlled/SR300-laptop/0/ir/05 019
019/controlled/SR300-laptop/0/ir/06 019
019/controlled/SR300-laptop/0/ir/07 019
019/controlled/SR300-laptop/0/ir/08 019
019/controlled/SR300-laptop/0/ir/09 019
019/controlled/SR300-laptop/1/ir/00 019
019/controlled/SR300-laptop/1/ir/01 019
019/controlled/SR300-laptop/1/ir/02 019
019/controlled/SR300-laptop/1/ir/03 019
019/controlled/SR300-laptop/1/ir/04 019
019/controlled/SR300-laptop/1/ir/05 019
019/controlled/SR300-laptop/1/ir/06 019
019/controlled/SR300-laptop/1/ir/07 019
019/controlled/SR300-laptop/1/ir/08 019
019/controlled/SR300-laptop/1/ir/09 019
019/controlled/SR300-mobile/0/ir/00 019
019/controlled/SR300-mobile/0/ir/01 019
019/controlled/SR300-mobile/0/ir/02 019
019/controlled/SR300-mobile/0/ir/03 019
019/controlled/SR300-mobile/0/ir/04 019
019/controlled/SR300-mobile/0/ir/05 019
019/controlled/SR300-mobile/0/ir/06 019
019/controlled/SR300-mobile/0/ir/07 019
019/controlled/SR300-mobile/0/ir/08 019
019/controlled/SR300-mobile/0/ir/09 019
019/controlled/SR300-mobile/1/ir/00 019
019/controlled/SR300-mobile/1/ir/01 019
019/controlled/SR300-mobile/1/ir/02 019
019/controlled/SR300-mobile/1/ir/03 019
019/controlled/SR300-mobile/1/ir/04 019
019/controlled/SR300-mobile/1/ir/05 019
019/controlled/SR300-mobile/1/ir/06 019
019/controlled/SR300-mobile/1/ir/07 019
019/controlled/SR300-mobile/1/ir/08 019
019/controlled/SR300-mobile/1/ir/09 019
020/controlled/SR300-laptop/0/ir/00 020
020/controlled/SR300-laptop/0/ir/01 020
020/controlled/SR300-laptop/0/ir/02 020
020/controlled/SR300-laptop/0/ir/03 020
020/controlled/SR300-laptop/0/ir/04 020
020/controlled/SR300-laptop/0/ir/05 020
020/controlled/SR300-laptop/0/ir/06 020
020/controlled/SR300-laptop/0/ir/07 020
020/controlled/SR300-laptop/0/ir/08 020
020/controlled/SR300-laptop/0/ir/09 020
020/controlled/SR300-laptop/1/ir/00 020
020/controlled/SR300-laptop/1/ir/01 020
020/controlled/SR300-laptop/1/ir/02 020
020/controlled/SR300-laptop/1/ir/03 020
020/controlled/SR300-laptop/1/ir/04 020
020/controlled/SR300-laptop/1/ir/05 020
020/controlled/SR300-laptop/1/ir/06 020
020/controlled/SR300-laptop/1/ir/07 020
020/controlled/SR300-laptop/1/ir/08 020
020/controlled/SR300-laptop/1/ir/09 020
020/controlled/SR300-mobile/0/ir/00 020
020/controlled/SR300-mobile/0/ir/01 020
020/controlled/SR300-mobile/0/ir/02 020
020/controlled/SR300-mobile/0/ir/03 020
020/controlled/SR300-mobile/0/ir/04 020
020/controlled/SR300-mobile/0/ir/05 020
020/controlled/SR300-mobile/0/ir/06 020
020/controlled/SR300-mobile/0/ir/07 020
020/controlled/SR300-mobile/0/ir/08 020
020/controlled/SR300-mobile/0/ir/09 020
020/controlled/SR300-mobile/1/ir/00 020
020/controlled/SR300-mobile/1/ir/01 020
020/controlled/SR300-mobile/1/ir/02 020
020/controlled/SR300-mobile/1/ir/03 020
020/controlled/SR300-mobile/1/ir/04 020
020/controlled/SR300-mobile/1/ir/05 020
020/controlled/SR300-mobile/1/ir/06 020
020/controlled/SR300-mobile/1/ir/07 020
020/controlled/SR300-mobile/1/ir/08 020
020/controlled/SR300-mobile/1/ir/09 020
021/controlled/SR300-laptop/0/ir/00 021
021/controlled/SR300-laptop/0/ir/01 021
021/controlled/SR300-laptop/0/ir/02 021
021/controlled/SR300-laptop/0/ir/03 021
021/controlled/SR300-laptop/0/ir/04 021
021/controlled/SR300-laptop/0/ir/05 021
021/controlled/SR300-laptop/0/ir/06 021
021/controlled/SR300-laptop/0/ir/07 021
021/controlled/SR300-laptop/0/ir/08 021
021/controlled/SR300-laptop/0/ir/09 021
021/controlled/SR300-laptop/1/ir/00 021
021/controlled/SR300-laptop/1/ir/01 021
021/controlled/SR300-laptop/1/ir/02 021
021/controlled/SR300-laptop/1/ir/03 021
021/controlled/SR300-laptop/1/ir/04 021
021/controlled/SR300-laptop/1/ir/05 021
021/controlled/SR300-laptop/1/ir/06 021
021/controlled/SR300-laptop/1/ir/07 021
021/controlled/SR300-laptop/1/ir/08 021
021/controlled/SR300-laptop/1/ir/09 021
021/controlled/SR300-mobile/0/ir/00 021
021/controlled/SR300-mobile/0/ir/01 021
021/controlled/SR300-mobile/0/ir/02 021
021/controlled/SR300-mobile/0/ir/03 021
021/controlled/SR300-mobile/0/ir/04 021
021/controlled/SR300-mobile/0/ir/05 021
021/controlled/SR300-mobile/0/ir/06 021
021/controlled/SR300-mobile/0/ir/07 021
021/controlled/SR300-mobile/0/ir/08 021
021/controlled/SR300-mobile/0/ir/09 021
021/controlled/SR300-mobile/1/ir/00 021
021/controlled/SR300-mobile/1/ir/01 021
021/controlled/SR300-mobile/1/ir/02 021
021/controlled/SR300-mobile/1/ir/03 021
021/controlled/SR300-mobile/1/ir/04 021
021/controlled/SR300-mobile/1/ir/05 021
021/controlled/SR300-mobile/1/ir/06 021
021/controlled/SR300-mobile/1/ir/07 021
021/controlled/SR300-mobile/1/ir/08 021
021/controlled/SR300-mobile/1/ir/09 021
022/controlled/SR300-laptop/0/ir/00 022
022/controlled/SR300-laptop/0/ir/01 022
022/controlled/SR300-laptop/0/ir/02 022
022/controlled/SR300-laptop/0/ir/03 022
022/controlled/SR300-laptop/0/ir/04 022
022/controlled/SR300-laptop/0/ir/05 022
022/controlled/SR300-laptop/0/ir/06 022
022/controlled/SR300-laptop/0/ir/07 022
022/controlled/SR300-laptop/0/ir/08 022
022/controlled/SR300-laptop/0/ir/09 022
022/controlled/SR300-laptop/1/ir/00 022
022/controlled/SR300-laptop/1/ir/01 022
022/controlled/SR300-laptop/1/ir/02 022
022/controlled/SR300-laptop/1/ir/03 022
022/controlled/SR300-laptop/1/ir/04 022
022/controlled/SR300-laptop/1/ir/05 022
022/controlled/SR300-laptop/1/ir/06 022
022/controlled/SR300-laptop/1/ir/07 022
022/controlled/SR300-laptop/1/ir/08 022
022/controlled/SR300-laptop/1/ir/09 022
022/controlled/SR300-mobile/0/ir/00 022
022/controlled/SR300-mobile/0/ir/01 022
022/controlled/SR300-mobile/0/ir/02 022
022/controlled/SR300-mobile/0/ir/03 022
022/controlled/SR300-mobile/0/ir/04 022
022/controlled/SR300-mobile/0/ir/05 022
022/controlled/SR300-mobile/0/ir/06 022
022/controlled/SR300-mobile/0/ir/07 022
022/controlled/SR300-mobile/0/ir/08 022
022/controlled/SR300-mobile/0/ir/09 022
022/controlled/SR300-mobile/1/ir/00 022
022/controlled/SR300-mobile/1/ir/01 022
022/controlled/SR300-mobile/1/ir/02 022
022/controlled/SR300-mobile/1/ir/03 022
022/controlled/SR300-mobile/1/ir/04 022
022/controlled/SR300-mobile/1/ir/05 022
022/controlled/SR300-mobile/1/ir/06 022
022/controlled/SR300-mobile/1/ir/07 022
022/controlled/SR300-mobile/1/ir/08 022
022/controlled/SR300-mobile/1/ir/09 022
023/controlled/SR300-laptop/0/ir/00 023
023/controlled/SR300-laptop/0/ir/01 023
023/controlled/SR300-laptop/0/ir/02 023
023/controlled/SR300-laptop/0/ir/03 023
023/controlled/SR300-laptop/0/ir/04 023
023/controlled/SR300-laptop/0/ir/05 023
023/controlled/SR300-laptop/0/ir/06 023
023/controlled/SR300-laptop/0/ir/07 023
023/controlled/SR300-laptop/0/ir/08 023
023/controlled/SR300-laptop/0/ir/09 023
023/controlled/SR300-laptop/1/ir/00 023
023/controlled/SR300-laptop/1/ir/01 023
023/controlled/SR300-laptop/1/ir/02 023
023/controlled/SR300-laptop/1/ir/03 023
023/controlled/SR300-laptop/1/ir/04 023
023/controlled/SR300-laptop/1/ir/05 023
023/controlled/SR300-laptop/1/ir/06 023
023/controlled/SR300-laptop/1/ir/07 023
023/controlled/SR300-laptop/1/ir/08 023
023/controlled/SR300-laptop/1/ir/09 023
023/controlled/SR300-mobile/0/ir/00 023
023/controlled/SR300-mobile/0/ir/01 023
023/controlled/SR300-mobile/0/ir/02 023
023/controlled/SR300-mobile/0/ir/03 023
023/controlled/SR300-mobile/0/ir/04 023
023/controlled/SR300-mobile/0/ir/05 023
023/controlled/SR300-mobile/0/ir/06 023
023/controlled/SR300-mobile/0/ir/07 023
023/controlled/SR300-mobile/0/ir/08 023
023/controlled/SR300-mobile/0/ir/09 023
023/controlled/SR300-mobile/1/ir/00 023
023/controlled/SR300-mobile/1/ir/01 023
023/controlled/SR300-mobile/1/ir/02 023
023/controlled/SR300-mobile/1/ir/03 023
023/controlled/SR300-mobile/1/ir/04 023
023/controlled/SR300-mobile/1/ir/05 023
023/controlled/SR300-mobile/1/ir/06 023
023/controlled/SR300-mobile/1/ir/07 023
023/controlled/SR300-mobile/1/ir/08 023
023/controlled/SR300-mobile/1/ir/09 023
024/controlled/SR300-laptop/0/ir/00 024
024/controlled/SR300-laptop/0/ir/01 024
024/controlled/SR300-laptop/0/ir/02 024
024/controlled/SR300-laptop/0/ir/03 024
024/controlled/SR300-laptop/0/ir/04 024
024/controlled/SR300-laptop/0/ir/05 024
024/controlled/SR300-laptop/0/ir/06 024
024/controlled/SR300-laptop/0/ir/07 024
024/controlled/SR300-laptop/0/ir/08 024
024/controlled/SR300-laptop/0/ir/09 024
024/controlled/SR300-laptop/1/ir/00 024
024/controlled/SR300-laptop/1/ir/01 024
024/controlled/SR300-laptop/1/ir/02 024
024/controlled/SR300-laptop/1/ir/03 024
024/controlled/SR300-laptop/1/ir/04 024
024/controlled/SR300-laptop/1/ir/05 024
024/controlled/SR300-laptop/1/ir/06 024
024/controlled/SR300-laptop/1/ir/07 024
024/controlled/SR300-laptop/1/ir/08 024
024/controlled/SR300-laptop/1/ir/09 024
024/controlled/SR300-mobile/0/ir/00 024
024/controlled/SR300-mobile/0/ir/01 024
024/controlled/SR300-mobile/0/ir/02 024
024/controlled/SR300-mobile/0/ir/03 024
024/controlled/SR300-mobile/0/ir/04 024
024/controlled/SR300-mobile/0/ir/05 024
024/controlled/SR300-mobile/0/ir/06 024
024/controlled/SR300-mobile/0/ir/07 024
024/controlled/SR300-mobile/0/ir/08 024
024/controlled/SR300-mobile/0/ir/09 024
024/controlled/SR300-mobile/1/ir/00 024
024/controlled/SR300-mobile/1/ir/01 024
024/controlled/SR300-mobile/1/ir/02 024
024/controlled/SR300-mobile/1/ir/03 024
024/controlled/SR300-mobile/1/ir/04 024
024/controlled/SR300-mobile/1/ir/05 024
024/controlled/SR300-mobile/1/ir/06 024
024/controlled/SR300-mobile/1/ir/07 024
024/controlled/SR300-mobile/1/ir/08 024
024/controlled/SR300-mobile/1/ir/09 024
025/controlled/SR300-laptop/0/ir/00 025
025/controlled/SR300-laptop/0/ir/01 025
025/controlled/SR300-laptop/0/ir/02 025
025/controlled/SR300-laptop/0/ir/03 025
025/controlled/SR300-laptop/0/ir/04 025
025/controlled/SR300-laptop/0/ir/05 025
025/controlled/SR300-laptop/0/ir/06 025
025/controlled/SR300-laptop/0/ir/07 025
025/controlled/SR300-laptop/0/ir/08 025
025/controlled/SR300-laptop/0/ir/09 025
025/controlled/SR300-laptop/1/ir/00 025
025/controlled/SR300-laptop/1/ir/01 025
025/controlled/SR300-laptop/1/ir/02 025
025/controlled/SR300-laptop/1/ir/03 025
025/controlled/SR300-laptop/1/ir/04 025
025/controlled/SR300-laptop/1/ir/05 025
025/controlled/SR300-laptop/1/ir/06 025
025/controlled/SR300-laptop/1/ir/07 025
025/controlled/SR300-laptop/1/ir/08 025
025/controlled/SR300-laptop/1/ir/09 025
025/controlled/SR300-mobile/0/ir/00 025
025/controlled/SR300-mobile/0/ir/01 025
025/controlled/SR300-mobile/0/ir/02 025
025/controlled/SR300-mobile/0/ir/03 025
025/controlled/SR300-mobile/0/ir/04 025
025/controlled/SR300-mobile/0/ir/05 025
025/controlled/SR300-mobile/0/ir/06 025
025/controlled/SR300-mobile/0/ir/07 025
025/controlled/SR300-mobile/0/ir/08 025
025/controlled/SR300-mobile/0/ir/09 025
025/controlled/SR300-mobile/1/ir/00 025
025/controlled/SR300-mobile/1/ir/01 025
025/controlled/SR300-mobile/1/ir/02 025
025/controlled/SR300-mobile/1/ir/03 025
025/controlled/SR300-mobile/1/ir/04 025
025/controlled/SR300-mobile/1/ir/05 025
025/controlled/SR300-mobile/1/ir/06 025
025/controlled/SR300-mobile/1/ir/07 025
025/controlled/SR300-mobile/1/ir/08 025
025/controlled/SR300-mobile/1/ir/09 025
