001/controlled/SR300-laptop/0/color/00 001
001/controlled/SR300-laptop/0/color/01 001
001/controlled/SR300-laptop/0/color/02 001
001/controlled/SR300-laptop/0/color/03 001
001/controlled/SR300-laptop/0/color/04 001
001/controlled/SR300-laptop/0/color/05 001
001/controlled/SR300-laptop/0/color/06 001
001/controlled/SR300-laptop/0/color/07 001
001/controlled/SR300-laptop/0/color/08 001
001/controlled/SR300-laptop/0/color/09 001
001/controlled/SR300-laptop/0/color/pitch_bottom 001
001/controlled/SR300-laptop/0/color/pitch_small 001
001/controlled/SR300-laptop/0/color/pitch_top 001
001/controlled/SR300-laptop/0/color/yaw_left 001
001/controlled/SR300-laptop/0/color/yaw_right 001
001/controlled/SR300-laptop/0/color/yaw_small 001
001/controlled/SR300-laptop/1/color/00 001
001/controlled/SR300-laptop/1/color/01 001
001/controlled/SR300-laptop/1/color/02 001
001/controlled/SR300-laptop/1/color/03 001
001/controlled/SR300-laptop/1/color/04 001
001/controlled/SR300-laptop/1/color/05 001
001/controlled/SR300-laptop/1/color/06 001
001/controlled/SR300-laptop/1/color/07 001
001/controlled/SR300-laptop/1/color/08 001
001/controlled/SR300-laptop/1/color/09 001
001/controlled/SR300-laptop/1/color/pitch_bottom 001
001/controlled/SR300-laptop/1/color/pitch_small 001
001/controlled/SR300-laptop/1/color/pitch_top 001
001/controlled/SR300-laptop/1/color/yaw_left 001
001/controlled/SR300-laptop/1/color/yaw_right 001
001/controlled/SR300-laptop/1/color/yaw_small 001
001/controlled/SR300-mobile/0/color/00 001
001/controlled/SR300-mobile/0/color/01 001
001/controlled/SR300-mobile/0/color/02 001
001/controlled/SR300-mobile/0/color/03 001
001/controlled/SR300-mobile/0/color/04 001
001/controlled/SR300-mobile/0/color/05 001
001/controlled/SR300-mobile/0/color/06 001
001/controlled/SR300-mobile/0/color/07 001
001/controlled/SR300-mobile/0/color/08 001
001/controlled/SR300-mobile/0/color/09 001
001/controlled/SR300-mobile/0/color/pitch_bottom 001
001/controlled/SR300-mobile/0/color/pitch_small 001
001/controlled/SR300-mobile/0/color/pitch_top 001
001/controlled/SR300-mobile/0/color/yaw_left 001
001/controlled/SR300-mobile/0/color/yaw_right 001
001/controlled/SR300-mobile/0/color/yaw_small 001
001/controlled/SR300-mobile/1/color/00 001
001/controlled/SR300-mobile/1/color/01 001
001/controlled/SR300-mobile/1/color/02 001
001/controlled/SR300-mobile/1/color/03 001
001/controlled/SR300-mobile/1/color/04 001
001/controlled/SR300-mobile/1/color/05 001
001/controlled/SR300-mobile/1/color/06 001
001/controlled/SR300-mobile/1/color/07 001
001/controlled/SR300-mobile/1/color/08 001
001/controlled/SR300-mobile/1/color/09 001
001/controlled/SR300-mobile/1/color/pitch_bottom 001
001/controlled/SR300-mobile/1/color/pitch_small 001
001/controlled/SR300-mobile/1/color/pitch_top 001
001/controlled/SR300-mobile/1/color/yaw_left 001
001/controlled/SR300-mobile/1/color/yaw_right 001
001/controlled/SR300-mobile/1/color/yaw_small 001
002/controlled/SR300-laptop/0/color/00 002
002/controlled/SR300-laptop/0/color/01 002
002/controlled/SR300-laptop/0/color/02 002
002/controlled/SR300-laptop/0/color/03 002
002/controlled/SR300-laptop/0/color/04 002
002/controlled/SR300-laptop/0/color/05 002
002/controlled/SR300-laptop/0/color/06 002
002/controlled/SR300-laptop/0/color/07 002
002/controlled/SR300-laptop/0/color/08 002
002/controlled/SR300-laptop/0/color/09 002
002/controlled/SR300-laptop/0/color/pitch_bottom 002
002/controlled/SR300-laptop/0/color/pitch_small 002
002/controlled/SR300-laptop/0/color/pitch_top 002
002/controlled/SR300-laptop/0/color/yaw_left 002
002/controlled/SR300-laptop/0/color/yaw_right 002
002/controlled/SR300-laptop/0/color/yaw_small 002
002/controlled/SR300-laptop/1/color/00 002
002/controlled/SR300-laptop/1/color/01 002
002/controlled/SR300-laptop/1/color/02 002
002/controlled/SR300-laptop/1/color/03 002
002/controlled/SR300-laptop/1/color/04 002
002/controlled/SR300-laptop/1/color/05 002
002/controlled/SR300-laptop/1/color/06 002
002/controlled/SR300-laptop/1/color/07 002
002/controlled/SR300-laptop/1/color/08 002
002/controlled/SR300-laptop/1/color/09 002
002/controlled/SR300-laptop/1/color/pitch_bottom 002
002/controlled/SR300-laptop/1/color/pitch_small 002
002/controlled/SR300-laptop/1/color/pitch_top 002
002/controlled/SR300-laptop/1/color/yaw_left 002
002/controlled/SR300-laptop/1/color/yaw_right 002
002/controlled/SR300-laptop/1/color/yaw_small 002
002/controlled/SR300-mobile/0/color/00 002
002/controlled/SR300-mobile/0/color/01 002
002/controlled/SR300-mobile/0/color/02 002
002/controlled/SR300-mobile/0/color/03 002
002/controlled/SR300-mobile/0/color/04 002
002/controlled/SR300-mobile/0/color/05 002
002/controlled/SR300-mobile/0/color/06 002
002/controlled/SR300-mobile/0/color/07 002
002/controlled/SR300-mobile/0/color/08 002
002/controlled/SR300-mobile/0/color/09 002
002/controlled/SR300-mobile/0/color/pitch_bottom 002
002/controlled/SR300-mobile/0/color/pitch_small 002
002/controlled/SR300-mobile/0/color/pitch_top 002
002/controlled/SR300-mobile/0/color/yaw_left 002
002/controlled/SR300-mobile/0/color/yaw_right 002
002/controlled/SR300-mobile/0/color/yaw_small 002
002/controlled/SR300-mobile/1/color/00 002
002/controlled/SR300-mobile/1/color/01 002
002/controlled/SR300-mobile/1/color/02 002
002/controlled/SR300-mobile/1/color/03 002
002/controlled/SR300-mobile/1/color/04 002
002/controlled/SR300-mobile/1/color/05 002
002/controlled/SR300-mobile/1/color/06 002
002/controlled/SR300-mobile/1/color/07 002
002/controlled/SR300-mobile/1/color/08 002
002/controlled/SR300-mobile/1/color/09 002
002/controlled/SR300-mobile/1/color/pitch_bottom 002
002/controlled/SR300-mobile/1/color/pitch_small 002
002/controlled/SR300-mobile/1/color/pitch_top 002
002/controlled/SR300-mobile/1/color/yaw_left 002
002/controlled/SR300-mobile/1/color/yaw_right 002
002/controlled/SR300-mobile/1/color/yaw_small 002
003/controlled/SR300-laptop/0/color/00 003
003/controlled/SR300-laptop/0/color/01 003
003/controlled/SR300-laptop/0/color/02 003
003/controlled/SR300-laptop/0/color/03 003
003/controlled/SR300-laptop/0/color/04 003
003/controlled/SR300-laptop/0/color/05 003
003/controlled/SR300-laptop/0/color/06 003
003/controlled/SR300-laptop/0/color/07 003
003/controlled/SR300-laptop/0/color/08 003
003/controlled/SR300-laptop/0/color/09 003
003/controlled/SR300-laptop/0/color/pitch_bottom 003
003/controlled/SR300-laptop/0/color/pitch_small 003
003/controlled/SR300-laptop/0/color/pitch_top 003
003/controlled/SR300-laptop/0/color/yaw_left 003
003/controlled/SR300-laptop/0/color/yaw_right 003
003/controlled/SR300-laptop/0/color/yaw_small 003
003/controlled/SR300-laptop/1/color/00 003
003/controlled/SR300-laptop/1/color/01 003
003/controlled/SR300-laptop/1/color/02 003
003/controlled/SR300-laptop/1/color/03 003
003/controlled/SR300-laptop/1/color/04 003
003/controlled/SR300-laptop/1/color/05 003
003/controlled/SR300-laptop/1/color/06 003
003/controlled/SR300-laptop/1/color/07 003
003/controlled/SR300-laptop/1/color/08 003
003/controlled/SR300-laptop/1/color/09 003
003/controlled/SR300-laptop/1/color/pitch_bottom 003
003/controlled/SR300-laptop/1/color/pitch_small 003
003/controlled/SR300-laptop/1/color/pitch_top 003
003/controlled/SR300-laptop/1/color/yaw_left 003
003/controlled/SR300-laptop/1/color/yaw_right 003
003/controlled/SR300-laptop/1/color/yaw_small 003
003/controlled/SR300-mobile/0/color/00 003
003/controlled/SR300-mobile/0/color/01 003
003/controlled/SR300-mobile/0/color/02 003
003/controlled/SR300-mobile/0/color/03 003
003/controlled/SR300-mobile/0/color/04 003
003/controlled/SR300-mobile/0/color/05 003
003/controlled/SR300-mobile/0/color/06 003
003/controlled/SR300-mobile/0/color/07 003
003/controlled/SR300-mobile/0/color/08 003
003/controlled/SR300-mobile/0/color/09 003
003/controlled/SR300-mobile/0/color/pitch_bottom 003
003/controlled/SR300-mobile/0/color/pitch_small 003
003/controlled/SR300-mobile/0/color/pitch_top 003
003/controlled/SR300-mobile/0/color/yaw_left 003
003/controlled/SR300-mobile/0/color/yaw_right 003
003/controlled/SR300-mobile/0/color/yaw_small 003
003/controlled/SR300-mobile/1/color/00 003
003/controlled/SR300-mobile/1/color/01 003
003/controlled/SR300-mobile/1/color/02 003
003/controlled/SR300-mobile/1/color/03 003
003/controlled/SR300-mobile/1/color/04 003
003/controlled/SR300-mobile/1/color/05 003
003/controlled/SR300-mobile/1/color/06 003
003/controlled/SR300-mobile/1/color/07 003
003/controlled/SR300-mobile/1/color/08 003
003/controlled/SR300-mobile/1/color/09 003
003/controlled/SR300-mobile/1/color/pitch_bottom 003
003/controlled/SR300-mobile/1/color/pitch_small 003
003/controlled/SR300-mobile/1/color/pitch_top 003
003/controlled/SR300-mobile/1/color/yaw_left 003
003/controlled/SR300-mobile/1/color/yaw_right 003
003/controlled/SR300-mobile/1/color/yaw_small 003
004/controlled/SR300-laptop/0/color/00 004
004/controlled/SR300-laptop/0/color/01 004
004/controlled/SR300-laptop/0/color/02 004
004/controlled/SR300-laptop/0/color/03 004
004/controlled/SR300-laptop/0/color/04 004
004/controlled/SR300-laptop/0/color/05 004
004/controlled/SR300-laptop/0/color/06 004
004/controlled/SR300-laptop/0/color/07 004
004/controlled/SR300-laptop/0/color/08 004
004/controlled/SR300-laptop/0/color/09 004
004/controlled/SR300-laptop/0/color/pitch_bottom 004
004/controlled/SR300-laptop/0/color/pitch_small 004
004/controlled/SR300-laptop/0/color/pitch_top 004
004/controlled/SR300-laptop/0/color/yaw_left 004
004/controlled/SR300-laptop/0/color/yaw_right 004
004/controlled/SR300-laptop/0/color/yaw_small 004
004/controlled/SR300-laptop/1/color/00 004
004/controlled/SR300-laptop/1/color/01 004
004/controlled/SR300-laptop/1/color/02 004
004/controlled/SR300-laptop/1/color/03 004
004/controlled/SR300-laptop/1/color/04 004
004/controlled/SR300-laptop/1/color/05 004
004/controlled/SR300-laptop/1/color/06 004
004/controlled/SR300-laptop/1/color/07 004
004/controlled/SR300-laptop/1/color/08 004
004/controlled/SR300-laptop/1/color/09 004
004/controlled/SR300-laptop/1/color/pitch_bottom 004
004/controlled/SR300-laptop/1/color/pitch_small 004
004/controlled/SR300-laptop/1/color/pitch_top 004
004/controlled/SR300-laptop/1/color/yaw_left 004
004/controlled/SR300-laptop/1/color/yaw_right 004
004/controlled/SR300-laptop/1/color/yaw_small 004
004/controlled/SR300-mobile/0/color/00 004
004/controlled/SR300-mobile/0/color/01 004
004/controlled/SR300-mobile/0/color/02 004
004/controlled/SR300-mobile/0/color/03 004
004/controlled/SR300-mobile/0/color/04 004
004/controlled/SR300-mobile/0/color/05 004
004/controlled/SR300-mobile/0/color/06 004
004/controlled/SR300-mobile/0/color/07 004
004/controlled/SR300-mobile/0/color/08 004
004/controlled/SR300-mobile/0/color/09 004
004/controlled/SR300-mobile/0/color/pitch_bottom 004
004/controlled/SR300-mobile/0/color/pitch_small 004
004/controlled/SR300-mobile/0/color/pitch_top 004
004/controlled/SR300-mobile/0/color/yaw_left 004
004/controlled/SR300-mobile/0/color/yaw_right 004
004/controlled/SR300-mobile/0/color/yaw_small 004
004/controlled/SR300-mobile/1/color/00 004
004/controlled/SR300-mobile/1/color/01 004
004/controlled/SR300-mobile/1/color/02 004
004/controlled/SR300-mobile/1/color/03 004
004/controlled/SR300-mobile/1/color/04 004
004/controlled/SR300-mobile/1/color/05 004
004/controlled/SR300-mobile/1/color/06 004
004/controlled/SR300-mobile/1/color/07 004
004/controlled/SR300-mobile/1/color/08 004
004/controlled/SR300-mobile/1/color/09 004
004/controlled/SR300-mobile/1/color/pitch_bottom 004
004/controlled/SR300-mobile/1/color/pitch_small 004
004/controlled/SR300-mobile/1/color/pitch_top 004
004/controlled/SR300-mobile/1/color/yaw_left 004
004/controlled/SR300-mobile/1/color/yaw_right 004
004/controlled/SR300-mobile/1/color/yaw_small 004
005/controlled/SR300-laptop/0/color/00 005
005/controlled/SR300-laptop/0/color/01 005
005/controlled/SR300-laptop/0/color/02 005
005/controlled/SR300-laptop/0/color/03 005
005/controlled/SR300-laptop/0/color/04 005
005/controlled/SR300-laptop/0/color/05 005
005/controlled/SR300-laptop/0/color/06 005
005/controlled/SR300-laptop/0/color/07 005
005/controlled/SR300-laptop/0/color/08 005
005/controlled/SR300-laptop/0/color/09 005
005/controlled/SR300-laptop/0/color/pitch_bottom 005
005/controlled/SR300-laptop/0/color/pitch_small 005
005/controlled/SR300-laptop/0/color/pitch_top 005
005/controlled/SR300-laptop/0/color/yaw_left 005
005/controlled/SR300-laptop/0/color/yaw_right 005
005/controlled/SR300-laptop/0/color/yaw_small 005
005/controlled/SR300-laptop/1/color/00 005
005/controlled/SR300-laptop/1/color/01 005
005/controlled/SR300-laptop/1/color/02 005
005/controlled/SR300-laptop/1/color/03 005
005/controlled/SR300-laptop/1/color/04 005
005/controlled/SR300-laptop/1/color/05 005
005/controlled/SR300-laptop/1/color/06 005
005/controlled/SR300-laptop/1/color/07 005
005/controlled/SR300-laptop/1/color/08 005
005/controlled/SR300-laptop/1/color/09 005
005/controlled/SR300-laptop/1/color/pitch_bottom 005
005/controlled/SR300-laptop/1/color/pitch_small 005
005/controlled/SR300-laptop/1/color/pitch_top 005
005/controlled/SR300-laptop/1/color/yaw_left 005
005/controlled/SR300-laptop/1/color/yaw_right 005
005/controlled/SR300-laptop/1/color/yaw_small 005
005/controlled/SR300-mobile/0/color/00 005
005/controlled/SR300-mobile/0/color/01 005
005/controlled/SR300-mobile/0/color/02 005
005/controlled/SR300-mobile/0/color/03 005
005/controlled/SR300-mobile/0/color/04 005
005/controlled/SR300-mobile/0/color/05 005
005/controlled/SR300-mobile/0/color/06 005
005/controlled/SR300-mobile/0/color/07 005
005/controlled/SR300-mobile/0/color/08 005
005/controlled/SR300-mobile/0/color/09 005
005/controlled/SR300-mobile/0/color/pitch_bottom 005
005/controlled/SR300-mobile/0/color/pitch_small 005
005/controlled/SR300-mobile/0/color/pitch_top 005
005/controlled/SR300-mobile/0/color/yaw_left 005
005/controlled/SR300-mobile/0/color/yaw_right 005
005/controlled/SR300-mobile/0/color/yaw_small 005
005/controlled/SR300-mobile/1/color/00 005
005/controlled/SR300-mobile/1/color/01 005
005/controlled/SR300-mobile/1/color/02 005
005/controlled/SR300-mobile/1/color/03 005
005/controlled/SR300-mobile/1/color/04 005
005/controlled/SR300-mobile/1/color/05 005
005/controlled/SR300-mobile/1/color/06 005
005/controlled/SR300-mobile/1/color/07 005
005/controlled/SR300-mobile/1/color/08 005
005/controlled/SR300-mobile/1/color/09 005
005/controlled/SR300-mobile/1/color/pitch_bottom 005
005/controlled/SR300-mobile/1/color/pitch_small 005
005/controlled/SR300-mobile/1/color/pitch_top 005
005/controlled/SR300-mobile/1/color/yaw_left 005
005/controlled/SR300-mobile/1/color/yaw_right 005
005/controlled/SR300-mobile/1/color/yaw_small 005
006/controlled/SR300-laptop/0/color/00 006
006/controlled/SR300-laptop/0/color/01 006
006/controlled/SR300-laptop/0/color/02 006
006/controlled/SR300-laptop/0/color/03 006
006/controlled/SR300-laptop/0/color/04 006
006/controlled/SR300-laptop/0/color/05 006
006/controlled/SR300-laptop/0/color/06 006
006/controlled/SR300-laptop/0/color/07 006
006/controlled/SR300-laptop/0/color/08 006
006/controlled/SR300-laptop/0/color/09 006
006/controlled/SR300-laptop/0/color/pitch_bottom 006
006/controlled/SR300-laptop/0/color/pitch_small 006
006/controlled/SR300-laptop/0/color/pitch_top 006
006/controlled/SR300-laptop/0/color/yaw_left 006
006/controlled/SR300-laptop/0/color/yaw_right 006
006/controlled/SR300-laptop/0/color/yaw_small 006
006/controlled/SR300-laptop/1/color/00 006
006/controlled/SR300-laptop/1/color/01 006
006/controlled/SR300-laptop/1/color/02 006
006/controlled/SR300-laptop/1/color/03 006
006/controlled/SR300-laptop/1/color/04 006
006/controlled/SR300-laptop/1/color/05 006
006/controlled/SR300-laptop/1/color/06 006
006/controlled/SR300-laptop/1/color/07 006
006/controlled/SR300-laptop/1/color/08 006
006/controlled/SR300-laptop/1/color/09 006
006/controlled/SR300-laptop/1/color/pitch_bottom 006
006/controlled/SR300-laptop/1/color/pitch_small 006
006/controlled/SR300-laptop/1/color/pitch_top 006
006/controlled/SR300-laptop/1/color/yaw_left 006
006/controlled/SR300-laptop/1/color/yaw_right 006
006/controlled/SR300-laptop/1/color/yaw_small 006
006/controlled/SR300-mobile/0/color/00 006
006/controlled/SR300-mobile/0/color/01 006
006/controlled/SR300-mobile/0/color/02 006
006/controlled/SR300-mobile/0/color/03 006
006/controlled/SR300-mobile/0/color/04 006
006/controlled/SR300-mobile/0/color/05 006
006/controlled/SR300-mobile/0/color/06 006
006/controlled/SR300-mobile/0/color/07 006
006/controlled/SR300-mobile/0/color/08 006
006/controlled/SR300-mobile/0/color/09 006
006/controlled/SR300-mobile/0/color/pitch_bottom 006
006/controlled/SR300-mobile/0/color/pitch_small 006
006/controlled/SR300-mobile/0/color/pitch_top 006
006/controlled/SR300-mobile/0/color/yaw_left 006
006/controlled/SR300-mobile/0/color/yaw_right 006
006/controlled/SR300-mobile/0/color/yaw_small 006
006/controlled/SR300-mobile/1/color/00 006
006/controlled/SR300-mobile/1/color/01 006
006/controlled/SR300-mobile/1/color/02 006
006/controlled/SR300-mobile/1/color/03 006
006/controlled/SR300-mobile/1/color/04 006
006/controlled/SR300-mobile/1/color/05 006
006/controlled/SR300-mobile/1/color/06 006
006/controlled/SR300-mobile/1/color/07 006
006/controlled/SR300-mobile/1/color/08 006
006/controlled/SR300-mobile/1/color/09 006
006/controlled/SR300-mobile/1/color/pitch_bottom 006
006/controlled/SR300-mobile/1/color/pitch_small 006
006/controlled/SR300-mobile/1/color/pitch_top 006
006/controlled/SR300-mobile/1/color/yaw_left 006
006/controlled/SR300-mobile/1/color/yaw_right 006
006/controlled/SR300-mobile/1/color/yaw_small 006
007/controlled/SR300-laptop/0/color/00 007
007/controlled/SR300-laptop/0/color/01 007
007/controlled/SR300-laptop/0/color/02 007
007/controlled/SR300-laptop/0/color/03 007
007/controlled/SR300-laptop/0/color/04 007
007/controlled/SR300-laptop/0/color/05 007
007/controlled/SR300-laptop/0/color/06 007
007/controlled/SR300-laptop/0/color/07 007
007/controlled/SR300-laptop/0/color/08 007
007/controlled/SR300-laptop/0/color/09 007
007/controlled/SR300-laptop/0/color/pitch_bottom 007
007/controlled/SR300-laptop/0/color/pitch_small 007
007/controlled/SR300-laptop/0/color/pitch_top 007
007/controlled/SR300-laptop/0/color/yaw_left 007
007/controlled/SR300-laptop/0/color/yaw_right 007
007/controlled/SR300-laptop/0/color/yaw_small 007
007/controlled/SR300-laptop/1/color/00 007
007/controlled/SR300-laptop/1/color/01 007
007/controlled/SR300-laptop/1/color/02 007
007/controlled/SR300-laptop/1/color/03 007
007/controlled/SR300-laptop/1/color/04 007
007/controlled/SR300-laptop/1/color/05 007
007/controlled/SR300-laptop/1/color/06 007
007/controlled/SR300-laptop/1/color/07 007
007/controlled/SR300-laptop/1/color/08 007
007/controlled/SR300-laptop/1/color/09 007
007/controlled/SR300-laptop/1/color/pitch_bottom 007
007/controlled/SR300-laptop/1/color/pitch_small 007
007/controlled/SR300-laptop/1/color/pitch_top 007
007/controlled/SR300-laptop/1/color/yaw_left 007
007/controlled/SR300-laptop/1/color/yaw_right 007
007/controlled/SR300-laptop/1/color/yaw_small 007
007/controlled/SR300-mobile/0/color/00 007
007/controlled/SR300-mobile/0/color/01 007
007/controlled/SR300-mobile/0/color/02 007
007/controlled/SR300-mobile/0/color/03 007
007/controlled/SR300-mobile/0/color/04 007
007/controlled/SR300-mobile/0/color/05 007
007/controlled/SR300-mobile/0/color/06 007
007/controlled/SR300-mobile/0/color/07 007
007/controlled/SR300-mobile/0/color/08 007
007/controlled/SR300-mobile/0/color/09 007
007/controlled/SR300-mobile/0/color/pitch_bottom 007
007/controlled/SR300-mobile/0/color/pitch_small 007
007/controlled/SR300-mobile/0/color/pitch_top 007
007/controlled/SR300-mobile/0/color/yaw_left 007
007/controlled/SR300-mobile/0/color/yaw_right 007
007/controlled/SR300-mobile/0/color/yaw_small 007
007/controlled/SR300-mobile/1/color/00 007
007/controlled/SR300-mobile/1/color/01 007
007/controlled/SR300-mobile/1/color/02 007
007/controlled/SR300-mobile/1/color/03 007
007/controlled/SR300-mobile/1/color/04 007
007/controlled/SR300-mobile/1/color/05 007
007/controlled/SR300-mobile/1/color/06 007
007/controlled/SR300-mobile/1/color/07 007
007/controlled/SR300-mobile/1/color/08 007
007/controlled/SR300-mobile/1/color/09 007
007/controlled/SR300-mobile/1/color/pitch_bottom 007
007/controlled/SR300-mobile/1/color/pitch_small 007
007/controlled/SR300-mobile/1/color/pitch_top 007
007/controlled/SR300-mobile/1/color/yaw_left 007
007/controlled/SR300-mobile/1/color/yaw_right 007
007/controlled/SR300-mobile/1/color/yaw_small 007
008/controlled/SR300-laptop/0/color/00 008
008/controlled/SR300-laptop/0/color/01 008
008/controlled/SR300-laptop/0/color/02 008
008/controlled/SR300-laptop/0/color/03 008
008/controlled/SR300-laptop/0/color/04 008
008/controlled/SR300-laptop/0/color/05 008
008/controlled/SR300-laptop/0/color/06 008
008/controlled/SR300-laptop/0/color/07 008
008/controlled/SR300-laptop/0/color/08 008
008/controlled/SR300-laptop/0/color/09 008
008/controlled/SR300-laptop/0/color/pitch_bottom 008
008/controlled/SR300-laptop/0/color/pitch_small 008
008/controlled/SR300-laptop/0/color/pitch_top 008
008/controlled/SR300-laptop/0/color/yaw_left 008
008/controlled/SR300-laptop/0/color/yaw_right 008
008/controlled/SR300-laptop/0/color/yaw_small 008
008/controlled/SR300-laptop/1/color/00 008
008/controlled/SR300-laptop/1/color/01 008
008/controlled/SR300-laptop/1/color/02 008
008/controlled/SR300-laptop/1/color/03 008
008/controlled/SR300-laptop/1/color/04 008
008/controlled/SR300-laptop/1/color/05 008
008/controlled/SR300-laptop/1/color/06 008
008/controlled/SR300-laptop/1/color/07 008
008/controlled/SR300-laptop/1/color/08 008
008/controlled/SR300-laptop/1/color/09 008
008/controlled/SR300-laptop/1/color/pitch_bottom 008
008/controlled/SR300-laptop/1/color/pitch_small 008
008/controlled/SR300-laptop/1/color/pitch_top 008
008/controlled/SR300-laptop/1/color/yaw_left 008
008/controlled/SR300-laptop/1/color/yaw_right 008
008/controlled/SR300-laptop/1/color/yaw_small 008
008/controlled/SR300-mobile/0/color/00 008
008/controlled/SR300-mobile/0/color/01 008
008/controlled/SR300-mobile/0/color/02 008
008/controlled/SR300-mobile/0/color/03 008
008/controlled/SR300-mobile/0/color/04 008
008/controlled/SR300-mobile/0/color/05 008
008/controlled/SR300-mobile/0/color/06 008
008/controlled/SR300-mobile/0/color/07 008
008/controlled/SR300-mobile/0/color/08 008
008/controlled/SR300-mobile/0/color/09 008
008/controlled/SR300-mobile/0/color/pitch_bottom 008
008/controlled/SR300-mobile/0/color/pitch_small 008
008/controlled/SR300-mobile/0/color/pitch_top 008
008/controlled/SR300-mobile/0/color/yaw_left 008
008/controlled/SR300-mobile/0/color/yaw_right 008
008/controlled/SR300-mobile/0/color/yaw_small 008
008/controlled/SR300-mobile/1/color/00 008
008/controlled/SR300-mobile/1/color/01 008
008/controlled/SR300-mobile/1/color/02 008
008/controlled/SR300-mobile/1/color/03 008
008/controlled/SR300-mobile/1/color/04 008
008/controlled/SR300-mobile/1/color/05 008
008/controlled/SR300-mobile/1/color/06 008
008/controlled/SR300-mobile/1/color/07 008
008/controlled/SR300-mobile/1/color/08 008
008/controlled/SR300-mobile/1/color/09 008
008/controlled/SR300-mobile/1/color/pitch_bottom 008
008/controlled/SR300-mobile/1/color/pitch_small 008
008/controlled/SR300-mobile/1/color/pitch_top 008
008/controlled/SR300-mobile/1/color/yaw_left 008
008/controlled/SR300-mobile/1/color/yaw_right 008
008/controlled/SR300-mobile/1/color/yaw_small 008
009/controlled/SR300-laptop/0/color/00 009
009/controlled/SR300-laptop/0/color/01 009
009/controlled/SR300-laptop/0/color/02 009
009/controlled/SR300-laptop/0/color/03 009
009/controlled/SR300-laptop/0/color/04 009
009/controlled/SR300-laptop/0/color/05 009
009/controlled/SR300-laptop/0/color/06 009
009/controlled/SR300-laptop/0/color/07 009
009/controlled/SR300-laptop/0/color/08 009
009/controlled/SR300-laptop/0/color/09 009
009/controlled/SR300-laptop/0/color/pitch_bottom 009
009/controlled/SR300-laptop/0/color/pitch_small 009
009/controlled/SR300-laptop/0/color/pitch_top 009
009/controlled/SR300-laptop/0/color/yaw_left 009
009/controlled/SR300-laptop/0/color/yaw_right 009
009/controlled/SR300-laptop/0/color/yaw_small 009
009/controlled/SR300-laptop/1/color/00 009
009/controlled/SR300-laptop/1/color/01 009
009/controlled/SR300-laptop/1/color/02 009
009/controlled/SR300-laptop/1/color/03 009
009/controlled/SR300-laptop/1/color/04 009
009/controlled/SR300-laptop/1/color/05 009
009/controlled/SR300-laptop/1/color/06 009
009/controlled/SR300-laptop/1/color/07 009
009/controlled/SR300-laptop/1/color/08 009
009/controlled/SR300-laptop/1/color/09 009
009/controlled/SR300-laptop/1/color/pitch_bottom 009
009/controlled/SR300-laptop/1/color/pitch_small 009
009/controlled/SR300-laptop/1/color/pitch_top 009
009/controlled/SR300-laptop/1/color/yaw_left 009
009/controlled/SR300-laptop/1/color/yaw_right 009
009/controlled/SR300-laptop/1/color/yaw_small 009
009/controlled/SR300-mobile/0/color/00 009
009/controlled/SR300-mobile/0/color/01 009
009/controlled/SR300-mobile/0/color/02 009
009/controlled/SR300-mobile/0/color/03 009
009/controlled/SR300-mobile/0/color/04 009
009/controlled/SR300-mobile/0/color/05 009
009/controlled/SR300-mobile/0/color/06 009
009/controlled/SR300-mobile/0/color/07 009
009/controlled/SR300-mobile/0/color/08 009
009/controlled/SR300-mobile/0/color/09 009
009/controlled/SR300-mobile/0/color/pitch_bottom 009
009/controlled/SR300-mobile/0/color/pitch_small 009
009/controlled/SR300-mobile/0/color/pitch_top 009
009/controlled/SR300-mobile/0/color/yaw_left 009
009/controlled/SR300-mobile/0/color/yaw_right 009
009/controlled/SR300-mobile/0/color/yaw_small 009
009/controlled/SR300-mobile/1/color/00 009
009/controlled/SR300-mobile/1/color/01 009
009/controlled/SR300-mobile/1/color/02 009
009/controlled/SR300-mobile/1/color/03 009
009/controlled/SR300-mobile/1/color/04 009
009/controlled/SR300-mobile/1/color/05 009
009/controlled/SR300-mobile/1/color/06 009
009/controlled/SR300-mobile/1/color/07 009
009/controlled/SR300-mobile/1/color/08 009
009/controlled/SR300-mobile/1/color/09 009
009/controlled/SR300-mobile/1/color/pitch_bottom 009
009/controlled/SR300-mobile/1/color/pitch_small 009
009/controlled/SR300-mobile/1/color/pitch_top 009
009/controlled/SR300-mobile/1/color/yaw_left 009
009/controlled/SR300-mobile/1/color/yaw_right 009
009/controlled/SR300-mobile/1/color/yaw_small 009
010/controlled/SR300-laptop/0/color/00 010
010/controlled/SR300-laptop/0/color/01 010
010/controlled/SR300-laptop/0/color/02 010
010/controlled/SR300-laptop/0/color/03 010
010/controlled/SR300-laptop/0/color/04 010
010/controlled/SR300-laptop/0/color/05 010
010/controlled/SR300-laptop/0/color/06 010
010/controlled/SR300-laptop/0/color/07 010
010/controlled/SR300-laptop/0/color/08 010
010/controlled/SR300-laptop/0/color/09 010
010/controlled/SR300-laptop/0/color/pitch_bottom 010
010/controlled/SR300-laptop/0/color/pitch_small 010
010/controlled/SR300-laptop/0/color/pitch_top 010
010/controlled/SR300-laptop/0/color/yaw_left 010
010/controlled/SR300-laptop/0/color/yaw_right 010
010/controlled/SR300-laptop/0/color/yaw_small 010
010/controlled/SR300-laptop/1/color/00 010
010/controlled/SR300-laptop/1/color/01 010
010/controlled/SR300-laptop/1/color/02 010
010/controlled/SR300-laptop/1/color/03 010
010/controlled/SR300-laptop/1/color/04 010
010/controlled/SR300-laptop/1/color/05 010
010/controlled/SR300-laptop/1/color/06 010
010/controlled/SR300-laptop/1/color/07 010
010/controlled/SR300-laptop/1/color/08 010
010/controlled/SR300-laptop/1/color/09 010
010/controlled/SR300-laptop/1/color/pitch_bottom 010
010/controlled/SR300-laptop/1/color/pitch_small 010
010/controlled/SR300-laptop/1/color/pitch_top 010
010/controlled/SR300-laptop/1/color/yaw_left 010
010/controlled/SR300-laptop/1/color/yaw_right 010
010/controlled/SR300-laptop/1/color/yaw_small 010
010/controlled/SR300-mobile/0/color/00 010
010/controlled/SR300-mobile/0/color/01 010
010/controlled/SR300-mobile/0/color/02 010
010/controlled/SR300-mobile/0/color/03 010
010/controlled/SR300-mobile/0/color/04 010
010/controlled/SR300-mobile/0/color/05 010
010/controlled/SR300-mobile/0/color/06 010
010/controlled/SR300-mobile/0/color/07 010
010/controlled/SR300-mobile/0/color/08 010
010/controlled/SR300-mobile/0/color/09 010
010/controlled/SR300-mobile/0/color/pitch_bottom 010
010/controlled/SR300-mobile/0/color/pitch_small 010
010/controlled/SR300-mobile/0/color/pitch_top 010
010/controlled/SR300-mobile/0/color/yaw_left 010
010/controlled/SR300-mobile/0/color/yaw_right 010
010/controlled/SR300-mobile/0/color/yaw_small 010
010/controlled/SR300-mobile/1/color/00 010
010/controlled/SR300-mobile/1/color/01 010
010/controlled/SR300-mobile/1/color/02 010
010/controlled/SR300-mobile/1/color/03 010
010/controlled/SR300-mobile/1/color/04 010
010/controlled/SR300-mobile/1/color/05 010
010/controlled/SR300-mobile/1/color/06 010
010/controlled/SR300-mobile/1/color/07 010
010/controlled/SR300-mobile/1/color/08 010
010/controlled/SR300-mobile/1/color/09 010
010/controlled/SR300-mobile/1/color/pitch_bottom 010
010/controlled/SR300-mobile/1/color/pitch_small 010
010/controlled/SR300-mobile/1/color/pitch_top 010
010/controlled/SR300-mobile/1/color/yaw_left 010
010/controlled/SR300-mobile/1/color/yaw_right 010
010/controlled/SR300-mobile/1/color/yaw_small 010
011/controlled/SR300-laptop/0/color/00 011
011/controlled/SR300-laptop/0/color/01 011
011/controlled/SR300-laptop/0/color/02 011
011/controlled/SR300-laptop/0/color/03 011
011/controlled/SR300-laptop/0/color/04 011
011/controlled/SR300-laptop/0/color/05 011
011/controlled/SR300-laptop/0/color/06 011
011/controlled/SR300-laptop/0/color/07 011
011/controlled/SR300-laptop/0/color/08 011
011/controlled/SR300-laptop/0/color/09 011
011/controlled/SR300-laptop/0/color/pitch_bottom 011
011/controlled/SR300-laptop/0/color/pitch_small 011
011/controlled/SR300-laptop/0/color/pitch_top 011
011/controlled/SR300-laptop/0/color/yaw_left 011
011/controlled/SR300-laptop/0/color/yaw_right 011
011/controlled/SR300-laptop/0/color/yaw_small 011
011/controlled/SR300-laptop/1/color/00 011
011/controlled/SR300-laptop/1/color/01 011
011/controlled/SR300-laptop/1/color/02 011
011/controlled/SR300-laptop/1/color/03 011
011/controlled/SR300-laptop/1/color/04 011
011/controlled/SR300-laptop/1/color/05 011
011/controlled/SR300-laptop/1/color/06 011
011/controlled/SR300-laptop/1/color/07 011
011/controlled/SR300-laptop/1/color/08 011
011/controlled/SR300-laptop/1/color/09 011
011/controlled/SR300-laptop/1/color/pitch_bottom 011
011/controlled/SR300-laptop/1/color/pitch_small 011
011/controlled/SR300-laptop/1/color/pitch_top 011
011/controlled/SR300-laptop/1/color/yaw_left 011
011/controlled/SR300-laptop/1/color/yaw_right 011
011/controlled/SR300-laptop/1/color/yaw_small 011
011/controlled/SR300-mobile/0/color/00 011
011/controlled/SR300-mobile/0/color/01 011
011/controlled/SR300-mobile/0/color/02 011
011/controlled/SR300-mobile/0/color/03 011
011/controlled/SR300-mobile/0/color/04 011
011/controlled/SR300-mobile/0/color/05 011
011/controlled/SR300-mobile/0/color/06 011
011/controlled/SR300-mobile/0/color/07 011
011/controlled/SR300-mobile/0/color/08 011
011/controlled/SR300-mobile/0/color/09 011
011/controlled/SR300-mobile/0/color/pitch_bottom 011
011/controlled/SR300-mobile/0/color/pitch_small 011
011/controlled/SR300-mobile/0/color/pitch_top 011
011/controlled/SR300-mobile/0/color/yaw_left 011
011/controlled/SR300-mobile/0/color/yaw_right 011
011/controlled/SR300-mobile/0/color/yaw_small 011
011/controlled/SR300-mobile/1/color/00 011
011/controlled/SR300-mobile/1/color/01 011
011/controlled/SR300-mobile/1/color/02 011
011/controlled/SR300-mobile/1/color/03 011
011/controlled/SR300-mobile/1/color/04 011
011/controlled/SR300-mobile/1/color/05 011
011/controlled/SR300-mobile/1/color/06 011
011/controlled/SR300-mobile/1/color/07 011
011/controlled/SR300-mobile/1/color/08 011
011/controlled/SR300-mobile/1/color/09 011
011/controlled/SR300-mobile/1/color/pitch_bottom 011
011/controlled/SR300-mobile/1/color/pitch_small 011
011/controlled/SR300-mobile/1/color/pitch_top 011
011/controlled/SR300-mobile/1/color/yaw_left 011
011/controlled/SR300-mobile/1/color/yaw_right 011
011/controlled/SR300-mobile/1/color/yaw_small 011
012/controlled/SR300-laptop/0/color/00 012
012/controlled/SR300-laptop/0/color/01 012
012/controlled/SR300-laptop/0/color/02 012
012/controlled/SR300-laptop/0/color/03 012
012/controlled/SR300-laptop/0/color/04 012
012/controlled/SR300-laptop/0/color/05 012
012/controlled/SR300-laptop/0/color/06 012
012/controlled/SR300-laptop/0/color/07 012
012/controlled/SR300-laptop/0/color/08 012
012/controlled/SR300-laptop/0/color/09 012
012/controlled/SR300-laptop/0/color/pitch_bottom 012
012/controlled/SR300-laptop/0/color/pitch_small 012
012/controlled/SR300-laptop/0/color/pitch_top 012
012/controlled/SR300-laptop/0/color/yaw_left 012
012/controlled/SR300-laptop/0/color/yaw_right 012
012/controlled/SR300-laptop/0/color/yaw_small 012
012/controlled/SR300-laptop/1/color/00 012
012/controlled/SR300-laptop/1/color/01 012
012/controlled/SR300-laptop/1/color/02 012
012/controlled/SR300-laptop/1/color/03 012
012/controlled/SR300-laptop/1/color/04 012
012/controlled/SR300-laptop/1/color/05 012
012/controlled/SR300-laptop/1/color/06 012
012/controlled/SR300-laptop/1/color/07 012
012/controlled/SR300-laptop/1/color/08 012
012/controlled/SR300-laptop/1/color/09 012
012/controlled/SR300-laptop/1/color/pitch_bottom 012
012/controlled/SR300-laptop/1/color/pitch_small 012
012/controlled/SR300-laptop/1/color/pitch_top 012
012/controlled/SR300-laptop/1/color/yaw_left 012
012/controlled/SR300-laptop/1/color/yaw_right 012
012/controlled/SR300-laptop/1/color/yaw_small 012
012/controlled/SR300-mobile/0/color/00 012
012/controlled/SR300-mobile/0/color/01 012
012/controlled/SR300-mobile/0/color/02 012
012/controlled/SR300-mobile/0/color/03 012
012/controlled/SR300-mobile/0/color/04 012
012/controlled/SR300-mobile/0/color/05 012
012/controlled/SR300-mobile/0/color/06 012
012/controlled/SR300-mobile/0/color/07 012
012/controlled/SR300-mobile/0/color/08 012
012/controlled/SR300-mobile/0/color/09 012
012/controlled/SR300-mobile/0/color/pitch_bottom 012
012/controlled/SR300-mobile/0/color/pitch_small 012
012/controlled/SR300-mobile/0/color/pitch_top 012
012/controlled/SR300-mobile/0/color/yaw_left 012
012/controlled/SR300-mobile/0/color/yaw_right 012
012/controlled/SR300-mobile/0/color/yaw_small 012
012/controlled/SR300-mobile/1/color/00 012
012/controlled/SR300-mobile/1/color/01 012
012/controlled/SR300-mobile/1/color/02 012
012/controlled/SR300-mobile/1/color/03 012
012/controlled/SR300-mobile/1/color/04 012
012/controlled/SR300-mobile/1/color/05 012
012/controlled/SR300-mobile/1/color/06 012
012/controlled/SR300-mobile/1/color/07 012
012/controlled/SR300-mobile/1/color/08 012
012/controlled/SR300-mobile/1/color/09 012
012/controlled/SR300-mobile/1/color/pitch_bottom 012
012/controlled/SR300-mobile/1/color/pitch_small 012
012/controlled/SR300-mobile/1/color/pitch_top 012
012/controlled/SR300-mobile/1/color/yaw_left 012
012/controlled/SR300-mobile/1/color/yaw_right 012
012/controlled/SR300-mobile/1/color/yaw_small 012
013/controlled/SR300-laptop/0/color/00 013
013/controlled/SR300-laptop/0/color/01 013
013/controlled/SR300-laptop/0/color/02 013
013/controlled/SR300-laptop/0/color/03 013
013/controlled/SR300-laptop/0/color/04 013
013/controlled/SR300-laptop/0/color/05 013
013/controlled/SR300-laptop/0/color/06 013
013/controlled/SR300-laptop/0/color/07 013
013/controlled/SR300-laptop/0/color/08 013
013/controlled/SR300-laptop/0/color/09 013
013/controlled/SR300-laptop/0/color/pitch_bottom 013
013/controlled/SR300-laptop/0/color/pitch_small 013
013/controlled/SR300-laptop/0/color/pitch_top 013
013/controlled/SR300-laptop/0/color/yaw_left 013
013/controlled/SR300-laptop/0/color/yaw_right 013
013/controlled/SR300-laptop/0/color/yaw_small 013
013/controlled/SR300-laptop/1/color/00 013
013/controlled/SR300-laptop/1/color/01 013
013/controlled/SR300-laptop/1/color/02 013
013/controlled/SR300-laptop/1/color/03 013
013/controlled/SR300-laptop/1/color/04 013
013/controlled/SR300-laptop/1/color/05 013
013/controlled/SR300-laptop/1/color/06 013
013/controlled/SR300-laptop/1/color/07 013
013/controlled/SR300-laptop/1/color/08 013
013/controlled/SR300-laptop/1/color/09 013
013/controlled/SR300-laptop/1/color/pitch_bottom 013
013/controlled/SR300-laptop/1/color/pitch_small 013
013/controlled/SR300-laptop/1/color/pitch_top 013
013/controlled/SR300-laptop/1/color/yaw_left 013
013/controlled/SR300-laptop/1/color/yaw_right 013
013/controlled/SR300-laptop/1/color/yaw_small 013
013/controlled/SR300-mobile/0/color/00 013
013/controlled/SR300-mobile/0/color/01 013
013/controlled/SR300-mobile/0/color/02 013
013/controlled/SR300-mobile/0/color/03 013
013/controlled/SR300-mobile/0/color/04 013
013/controlled/SR300-mobile/0/color/05 013
013/controlled/SR300-mobile/0/color/06 013
013/controlled/SR300-mobile/0/color/07 013
013/controlled/SR300-mobile/0/color/08 013
013/controlled/SR300-mobile/0/color/09 013
013/controlled/SR300-mobile/0/color/pitch_bottom 013
013/controlled/SR300-mobile/0/color/pitch_small 013
013/controlled/SR300-mobile/0/color/pitch_top 013
013/controlled/SR300-mobile/0/color/yaw_left 013
013/controlled/SR300-mobile/0/color/yaw_right 013
013/controlled/SR300-mobile/0/color/yaw_small 013
013/controlled/SR300-mobile/1/color/00 013
013/controlled/SR300-mobile/1/color/01 013
013/controlled/SR300-mobile/1/color/02 013
013/controlled/SR300-mobile/1/color/03 013
013/controlled/SR300-mobile/1/color/04 013
013/controlled/SR300-mobile/1/color/05 013
013/controlled/SR300-mobile/1/color/06 013
013/controlled/SR300-mobile/1/color/07 013
013/controlled/SR300-mobile/1/color/08 013
013/controlled/SR300-mobile/1/color/09 013
013/controlled/SR300-mobile/1/color/pitch_bottom 013
013/controlled/SR300-mobile/1/color/pitch_small 013
013/controlled/SR300-mobile/1/color/pitch_top 013
013/controlled/SR300-mobile/1/color/yaw_left 013
013/controlled/SR300-mobile/1/color/yaw_right 013
013/controlled/SR300-mobile/1/color/yaw_small 013
014/controlled/SR300-laptop/0/color/00 014
014/controlled/SR300-laptop/0/color/01 014
014/controlled/SR300-laptop/0/color/02 014
014/controlled/SR300-laptop/0/color/03 014
014/controlled/SR300-laptop/0/color/04 014
014/controlled/SR300-laptop/0/color/05 014
014/controlled/SR300-laptop/0/color/06 014
014/controlled/SR300-laptop/0/color/07 014
014/controlled/SR300-laptop/0/color/08 014
014/controlled/SR300-laptop/0/color/09 014
014/controlled/SR300-laptop/0/color/pitch_bottom 014
014/controlled/SR300-laptop/0/color/pitch_small 014
014/controlled/SR300-laptop/0/color/pitch_top 014
014/controlled/SR300-laptop/0/color/yaw_left 014
014/controlled/SR300-laptop/0/color/yaw_right 014
014/controlled/SR300-laptop/0/color/yaw_small 014
014/controlled/SR300-laptop/1/color/00 014
014/controlled/SR300-laptop/1/color/01 014
014/controlled/SR300-laptop/1/color/02 014
014/controlled/SR300-laptop/1/color/03 014
014/controlled/SR300-laptop/1/color/04 014
014/controlled/SR300-laptop/1/color/05 014
014/controlled/SR300-laptop/1/color/06 014
014/controlled/SR300-laptop/1/color/07 014
014/controlled/SR300-laptop/1/color/08 014
014/controlled/SR300-laptop/1/color/09 014
014/controlled/SR300-laptop/1/color/pitch_bottom 014
014/controlled/SR300-laptop/1/color/pitch_small 014
014/controlled/SR300-laptop/1/color/pitch_top 014
014/controlled/SR300-laptop/1/color/yaw_left 014
014/controlled/SR300-laptop/1/color/yaw_right 014
014/controlled/SR300-laptop/1/color/yaw_small 014
014/controlled/SR300-mobile/0/color/00 014
014/controlled/SR300-mobile/0/color/01 014
014/controlled/SR300-mobile/0/color/02 014
014/controlled/SR300-mobile/0/color/03 014
014/controlled/SR300-mobile/0/color/04 014
014/controlled/SR300-mobile/0/color/05 014
014/controlled/SR300-mobile/0/color/06 014
014/controlled/SR300-mobile/0/color/07 014
014/controlled/SR300-mobile/0/color/08 014
014/controlled/SR300-mobile/0/color/09 014
014/controlled/SR300-mobile/0/color/pitch_bottom 014
014/controlled/SR300-mobile/0/color/pitch_small 014
014/controlled/SR300-mobile/0/color/pitch_top 014
014/controlled/SR300-mobile/0/color/yaw_left 014
014/controlled/SR300-mobile/0/color/yaw_right 014
014/controlled/SR300-mobile/0/color/yaw_small 014
014/controlled/SR300-mobile/1/color/00 014
014/controlled/SR300-mobile/1/color/01 014
014/controlled/SR300-mobile/1/color/02 014
014/controlled/SR300-mobile/1/color/03 014
014/controlled/SR300-mobile/1/color/04 014
014/controlled/SR300-mobile/1/color/05 014
014/controlled/SR300-mobile/1/color/06 014
014/controlled/SR300-mobile/1/color/07 014
014/controlled/SR300-mobile/1/color/08 014
014/controlled/SR300-mobile/1/color/09 014
014/controlled/SR300-mobile/1/color/pitch_bottom 014
014/controlled/SR300-mobile/1/color/pitch_small 014
014/controlled/SR300-mobile/1/color/pitch_top 014
014/controlled/SR300-mobile/1/color/yaw_left 014
014/controlled/SR300-mobile/1/color/yaw_right 014
014/controlled/SR300-mobile/1/color/yaw_small 014
015/controlled/SR300-laptop/0/color/00 015
015/controlled/SR300-laptop/0/color/01 015
015/controlled/SR300-laptop/0/color/02 015
015/controlled/SR300-laptop/0/color/03 015
015/controlled/SR300-laptop/0/color/04 015
015/controlled/SR300-laptop/0/color/05 015
015/controlled/SR300-laptop/0/color/06 015
015/controlled/SR300-laptop/0/color/07 015
015/controlled/SR300-laptop/0/color/08 015
015/controlled/SR300-laptop/0/color/09 015
015/controlled/SR300-laptop/0/color/pitch_bottom 015
015/controlled/SR300-laptop/0/color/pitch_small 015
015/controlled/SR300-laptop/0/color/pitch_top 015
015/controlled/SR300-laptop/0/color/yaw_left 015
015/controlled/SR300-laptop/0/color/yaw_right 015
015/controlled/SR300-laptop/0/color/yaw_small 015
015/controlled/SR300-laptop/1/color/00 015
015/controlled/SR300-laptop/1/color/01 015
015/controlled/SR300-laptop/1/color/02 015
015/controlled/SR300-laptop/1/color/03 015
015/controlled/SR300-laptop/1/color/04 015
015/controlled/SR300-laptop/1/color/05 015
015/controlled/SR300-laptop/1/color/06 015
015/controlled/SR300-laptop/1/color/07 015
015/controlled/SR300-laptop/1/color/08 015
015/controlled/SR300-laptop/1/color/09 015
015/controlled/SR300-laptop/1/color/pitch_bottom 015
015/controlled/SR300-laptop/1/color/pitch_small 015
015/controlled/SR300-laptop/1/color/pitch_top 015
015/controlled/SR300-laptop/1/color/yaw_left 015
015/controlled/SR300-laptop/1/color/yaw_right 015
015/controlled/SR300-laptop/1/color/yaw_small 015
015/controlled/SR300-mobile/0/color/00 015
015/controlled/SR300-mobile/0/color/01 015
015/controlled/SR300-mobile/0/color/02 015
015/controlled/SR300-mobile/0/color/03 015
015/controlled/SR300-mobile/0/color/04 015
015/controlled/SR300-mobile/0/color/05 015
015/controlled/SR300-mobile/0/color/06 015
015/controlled/SR300-mobile/0/color/07 015
015/controlled/SR300-mobile/0/color/08 015
015/controlled/SR300-mobile/0/color/09 015
015/controlled/SR300-mobile/0/color/pitch_bottom 015
015/controlled/SR300-mobile/0/color/pitch_small 015
015/controlled/SR300-mobile/0/color/pitch_top 015
015/controlled/SR300-mobile/0/color/yaw_left 015
015/controlled/SR300-mobile/0/color/yaw_right 015
015/controlled/SR300-mobile/0/color/yaw_small 015
015/controlled/SR300-mobile/1/color/00 015
015/controlled/SR300-mobile/1/color/01 015
015/controlled/SR300-mobile/1/color/02 015
015/controlled/SR300-mobile/1/color/03 015
015/controlled/SR300-mobile/1/color/04 015
015/controlled/SR300-mobile/1/color/05 015
015/controlled/SR300-mobile/1/color/06 015
015/controlled/SR300-mobile/1/color/07 015
015/controlled/SR300-mobile/1/color/08 015
015/controlled/SR300-mobile/1/color/09 015
015/controlled/SR300-mobile/1/color/pitch_bottom 015
015/controlled/SR300-mobile/1/color/pitch_small 015
015/controlled/SR300-mobile/1/color/pitch_top 015
015/controlled/SR300-mobile/1/color/yaw_left 015
015/controlled/SR300-mobile/1/color/yaw_right 015
015/controlled/SR300-mobile/1/color/yaw_small 015
016/controlled/SR300-laptop/0/color/00 016
016/controlled/SR300-laptop/0/color/01 016
016/controlled/SR300-laptop/0/color/02 016
016/controlled/SR300-laptop/0/color/03 016
016/controlled/SR300-laptop/0/color/04 016
016/controlled/SR300-laptop/0/color/05 016
016/controlled/SR300-laptop/0/color/06 016
016/controlled/SR300-laptop/0/color/07 016
016/controlled/SR300-laptop/0/color/08 016
016/controlled/SR300-laptop/0/color/09 016
016/controlled/SR300-laptop/0/color/pitch_bottom 016
016/controlled/SR300-laptop/0/color/pitch_small 016
016/controlled/SR300-laptop/0/color/pitch_top 016
016/controlled/SR300-laptop/0/color/yaw_left 016
016/controlled/SR300-laptop/0/color/yaw_right 016
016/controlled/SR300-laptop/0/color/yaw_small 016
016/controlled/SR300-laptop/1/color/00 016
016/controlled/SR300-laptop/1/color/01 016
016/controlled/SR300-laptop/1/color/02 016
016/controlled/SR300-laptop/1/color/03 016
016/controlled/SR300-laptop/1/color/04 016
016/controlled/SR300-laptop/1/color/05 016
016/controlled/SR300-laptop/1/color/06 016
016/controlled/SR300-laptop/1/color/07 016
016/controlled/SR300-laptop/1/color/08 016
016/controlled/SR300-laptop/1/color/09 016
016/controlled/SR300-laptop/1/color/pitch_bottom 016
016/controlled/SR300-laptop/1/color/pitch_small 016
016/controlled/SR300-laptop/1/color/pitch_top 016
016/controlled/SR300-laptop/1/color/yaw_left 016
016/controlled/SR300-laptop/1/color/yaw_right 016
016/controlled/SR300-laptop/1/color/yaw_small 016
016/controlled/SR300-mobile/0/color/00 016
016/controlled/SR300-mobile/0/color/01 016
016/controlled/SR300-mobile/0/color/02 016
016/controlled/SR300-mobile/0/color/03 016
016/controlled/SR300-mobile/0/color/04 016
016/controlled/SR300-mobile/0/color/05 016
016/controlled/SR300-mobile/0/color/06 016
016/controlled/SR300-mobile/0/color/07 016
016/controlled/SR300-mobile/0/color/08 016
016/controlled/SR300-mobile/0/color/09 016
016/controlled/SR300-mobile/0/color/pitch_bottom 016
016/controlled/SR300-mobile/0/color/pitch_small 016
016/controlled/SR300-mobile/0/color/pitch_top 016
016/controlled/SR300-mobile/0/color/yaw_left 016
016/controlled/SR300-mobile/0/color/yaw_right 016
016/controlled/SR300-mobile/0/color/yaw_small 016
016/controlled/SR300-mobile/1/color/00 016
016/controlled/SR300-mobile/1/color/01 016
016/controlled/SR300-mobile/1/color/02 016
016/controlled/SR300-mobile/1/color/03 016
016/controlled/SR300-mobile/1/color/04 016
016/controlled/SR300-mobile/1/color/05 016
016/controlled/SR300-mobile/1/color/06 016
016/controlled/SR300-mobile/1/color/07 016
016/controlled/SR300-mobile/1/color/08 016
016/controlled/SR300-mobile/1/color/09 016
016/controlled/SR300-mobile/1/color/pitch_bottom 016
016/controlled/SR300-mobile/1/color/pitch_small 016
016/controlled/SR300-mobile/1/color/pitch_top 016
016/controlled/SR300-mobile/1/color/yaw_left 016
016/controlled/SR300-mobile/1/color/yaw_right 016
016/controlled/SR300-mobile/1/color/yaw_small 016
017/controlled/SR300-laptop/0/color/00 017
017/controlled/SR300-laptop/0/color/01 017
017/controlled/SR300-laptop/0/color/02 017
017/controlled/SR300-laptop/0/color/03 017
017/controlled/SR300-laptop/0/color/04 017
017/controlled/SR300-laptop/0/color/05 017
017/controlled/SR300-laptop/0/color/06 017
017/controlled/SR300-laptop/0/color/07 017
017/controlled/SR300-laptop/0/color/08 017
017/controlled/SR300-laptop/0/color/09 017
017/controlled/SR300-laptop/0/color/pitch_bottom 017
017/controlled/SR300-laptop/0/color/pitch_small 017
017/controlled/SR300-laptop/0/color/pitch_top 017
017/controlled/SR300-laptop/0/color/yaw_left 017
017/controlled/SR300-laptop/0/color/yaw_right 017
017/controlled/SR300-laptop/0/color/yaw_small 017
017/controlled/SR300-laptop/1/color/00 017
017/controlled/SR300-laptop/1/color/01 017
017/controlled/SR300-laptop/1/color/02 017
017/controlled/SR300-laptop/1/color/03 017
017/controlled/SR300-laptop/1/color/04 017
017/controlled/SR300-laptop/1/color/05 017
017/controlled/SR300-laptop/1/color/06 017
017/controlled/SR300-laptop/1/color/07 017
017/controlled/SR300-laptop/1/color/08 017
017/controlled/SR300-laptop/1/color/09 017
017/controlled/SR300-laptop/1/color/pitch_bottom 017
017/controlled/SR300-laptop/1/color/pitch_small 017
017/controlled/SR300-laptop/1/color/pitch_top 017
017/controlled/SR300-laptop/1/color/yaw_left 017
017/controlled/SR300-laptop/1/color/yaw_right 017
017/controlled/SR300-laptop/1/color/yaw_small 017
017/controlled/SR300-mobile/0/color/00 017
017/controlled/SR300-mobile/0/color/01 017
017/controlled/SR300-mobile/0/color/02 017
017/controlled/SR300-mobile/0/color/03 017
017/controlled/SR300-mobile/0/color/04 017
017/controlled/SR300-mobile/0/color/05 017
017/controlled/SR300-mobile/0/color/06 017
017/controlled/SR300-mobile/0/color/07 017
017/controlled/SR300-mobile/0/color/08 017
017/controlled/SR300-mobile/0/color/09 017
017/controlled/SR300-mobile/0/color/pitch_bottom 017
017/controlled/SR300-mobile/0/color/pitch_small 017
017/controlled/SR300-mobile/0/color/pitch_top 017
017/controlled/SR300-mobile/0/color/yaw_left 017
017/controlled/SR300-mobile/0/color/yaw_right 017
017/controlled/SR300-mobile/0/color/yaw_small 017
017/controlled/SR300-mobile/1/color/00 017
017/controlled/SR300-mobile/1/color/01 017
017/controlled/SR300-mobile/1/color/02 017
017/controlled/SR300-mobile/1/color/03 017
017/controlled/SR300-mobile/1/color/04 017
017/controlled/SR300-mobile/1/color/05 017
017/controlled/SR300-mobile/1/color/06 017
017/controlled/SR300-mobile/1/color/07 017
017/controlled/SR300-mobile/1/color/08 017
017/controlled/SR300-mobile/1/color/09 017
017/controlled/SR300-mobile/1/color/pitch_bottom 017
017/controlled/SR300-mobile/1/color/pitch_small 017
017/controlled/SR300-mobile/1/color/pitch_top 017
017/controlled/SR300-mobile/1/color/yaw_left 017
017/controlled/SR300-mobile/1/color/yaw_right 017
017/controlled/SR300-mobile/1/color/yaw_small 017
018/controlled/SR300-laptop/0/color/00 018
018/controlled/SR300-laptop/0/color/01 018
018/controlled/SR300-laptop/0/color/02 018
018/controlled/SR300-laptop/0/color/03 018
018/controlled/SR300-laptop/0/color/04 018
018/controlled/SR300-laptop/0/color/05 018
018/controlled/SR300-laptop/0/color/06 018
018/controlled/SR300-laptop/0/color/07 018
018/controlled/SR300-laptop/0/color/08 018
018/controlled/SR300-laptop/0/color/09 018
018/controlled/SR300-laptop/0/color/pitch_bottom 018
018/controlled/SR300-laptop/0/color/pitch_small 018
018/controlled/SR300-laptop/0/color/pitch_top 018
018/controlled/SR300-laptop/0/color/yaw_left 018
018/controlled/SR300-laptop/0/color/yaw_right 018
018/controlled/SR300-laptop/0/color/yaw_small 018
018/controlled/SR300-laptop/1/color/00 018
018/controlled/SR300-laptop/1/color/01 018
018/controlled/SR300-laptop/1/color/02 018
018/controlled/SR300-laptop/1/color/03 018
018/controlled/SR300-laptop/1/color/04 018
018/controlled/SR300-laptop/1/color/05 018
018/controlled/SR300-laptop/1/color/06 018
018/controlled/SR300-laptop/1/color/07 018
018/controlled/SR300-laptop/1/color/08 018
018/controlled/SR300-laptop/1/color/09 018
018/controlled/SR300-laptop/1/color/pitch_bottom 018
018/controlled/SR300-laptop/1/color/pitch_small 018
018/controlled/SR300-laptop/1/color/pitch_top 018
018/controlled/SR300-laptop/1/color/yaw_left 018
018/controlled/SR300-laptop/1/color/yaw_right 018
018/controlled/SR300-laptop/1/color/yaw_small 018
018/controlled/SR300-mobile/0/color/00 018
018/controlled/SR300-mobile/0/color/01 018
018/controlled/SR300-mobile/0/color/02 018
018/controlled/SR300-mobile/0/color/03 018
018/controlled/SR300-mobile/0/color/04 018
018/controlled/SR300-mobile/0/color/05 018
018/controlled/SR300-mobile/0/color/06 018
018/controlled/SR300-mobile/0/color/07 018
018/controlled/SR300-mobile/0/color/08 018
018/controlled/SR300-mobile/0/color/09 018
018/controlled/SR300-mobile/0/color/pitch_bottom 018
018/controlled/SR300-mobile/0/color/pitch_small 018
018/controlled/SR300-mobile/0/color/pitch_top 018
018/controlled/SR300-mobile/0/color/yaw_left 018
018/controlled/SR300-mobile/0/color/yaw_right 018
018/controlled/SR300-mobile/0/color/yaw_small 018
018/controlled/SR300-mobile/1/color/00 018
018/controlled/SR300-mobile/1/color/01 018
018/controlled/SR300-mobile/1/color/02 018
018/controlled/SR300-mobile/1/color/03 018
018/controlled/SR300-mobile/1/color/04 018
018/controlled/SR300-mobile/1/color/05 018
018/controlled/SR300-mobile/1/color/06 018
018/controlled/SR300-mobile/1/color/07 018
018/controlled/SR300-mobile/1/color/08 018
018/controlled/SR300-mobile/1/color/09 018
018/controlled/SR300-mobile/1/color/pitch_bottom 018
018/controlled/SR300-mobile/1/color/pitch_small 018
018/controlled/SR300-mobile/1/color/pitch_top 018
018/controlled/SR300-mobile/1/color/yaw_left 018
018/controlled/SR300-mobile/1/color/yaw_right 018
018/controlled/SR300-mobile/1/color/yaw_small 018
019/controlled/SR300-laptop/0/color/00 019
019/controlled/SR300-laptop/0/color/01 019
019/controlled/SR300-laptop/0/color/02 019
019/controlled/SR300-laptop/0/color/03 019
019/controlled/SR300-laptop/0/color/04 019
019/controlled/SR300-laptop/0/color/05 019
019/controlled/SR300-laptop/0/color/06 019
019/controlled/SR300-laptop/0/color/07 019
019/controlled/SR300-laptop/0/color/08 019
019/controlled/SR300-laptop/0/color/09 019
019/controlled/SR300-laptop/0/color/pitch_bottom 019
019/controlled/SR300-laptop/0/color/pitch_small 019
019/controlled/SR300-laptop/0/color/pitch_top 019
019/controlled/SR300-laptop/0/color/yaw_left 019
019/controlled/SR300-laptop/0/color/yaw_right 019
019/controlled/SR300-laptop/0/color/yaw_small 019
019/controlled/SR300-laptop/1/color/00 019
019/controlled/SR300-laptop/1/color/01 019
019/controlled/SR300-laptop/1/color/02 019
019/controlled/SR300-laptop/1/color/03 019
019/controlled/SR300-laptop/1/color/04 019
019/controlled/SR300-laptop/1/color/05 019
019/controlled/SR300-laptop/1/color/06 019
019/controlled/SR300-laptop/1/color/07 019
019/controlled/SR300-laptop/1/color/08 019
019/controlled/SR300-laptop/1/color/09 019
019/controlled/SR300-laptop/1/color/pitch_bottom 019
019/controlled/SR300-laptop/1/color/pitch_small 019
019/controlled/SR300-laptop/1/color/pitch_top 019
019/controlled/SR300-laptop/1/color/yaw_left 019
019/controlled/SR300-laptop/1/color/yaw_right 019
019/controlled/SR300-laptop/1/color/yaw_small 019
019/controlled/SR300-mobile/0/color/00 019
019/controlled/SR300-mobile/0/color/01 019
019/controlled/SR300-mobile/0/color/02 019
019/controlled/SR300-mobile/0/color/03 019
019/controlled/SR300-mobile/0/color/04 019
019/controlled/SR300-mobile/0/color/05 019
019/controlled/SR300-mobile/0/color/06 019
019/controlled/SR300-mobile/0/color/07 019
019/controlled/SR300-mobile/0/color/08 019
019/controlled/SR300-mobile/0/color/09 019
019/controlled/SR300-mobile/0/color/pitch_bottom 019
019/controlled/SR300-mobile/0/color/pitch_small 019
019/controlled/SR300-mobile/0/color/pitch_top 019
019/controlled/SR300-mobile/0/color/yaw_left 019
019/controlled/SR300-mobile/0/color/yaw_right 019
019/controlled/SR300-mobile/0/color/yaw_small 019
019/controlled/SR300-mobile/1/color/00 019
019/controlled/SR300-mobile/1/color/01 019
019/controlled/SR300-mobile/1/color/02 019
019/controlled/SR300-mobile/1/color/03 019
019/controlled/SR300-mobile/1/color/04 019
019/controlled/SR300-mobile/1/color/05 019
019/controlled/SR300-mobile/1/color/06 019
019/controlled/SR300-mobile/1/color/07 019
019/controlled/SR300-mobile/1/color/08 019
019/controlled/SR300-mobile/1/color/09 019
019/controlled/SR300-mobile/1/color/pitch_bottom 019
019/controlled/SR300-mobile/1/color/pitch_small 019
019/controlled/SR300-mobile/1/color/pitch_top 019
019/controlled/SR300-mobile/1/color/yaw_left 019
019/controlled/SR300-mobile/1/color/yaw_right 019
019/controlled/SR300-mobile/1/color/yaw_small 019
020/controlled/SR300-laptop/0/color/00 020
020/controlled/SR300-laptop/0/color/01 020
020/controlled/SR300-laptop/0/color/02 020
020/controlled/SR300-laptop/0/color/03 020
020/controlled/SR300-laptop/0/color/04 020
020/controlled/SR300-laptop/0/color/05 020
020/controlled/SR300-laptop/0/color/06 020
020/controlled/SR300-laptop/0/color/07 020
020/controlled/SR300-laptop/0/color/08 020
020/controlled/SR300-laptop/0/color/09 020
020/controlled/SR300-laptop/0/color/pitch_bottom 020
020/controlled/SR300-laptop/0/color/pitch_small 020
020/controlled/SR300-laptop/0/color/pitch_top 020
020/controlled/SR300-laptop/0/color/yaw_left 020
020/controlled/SR300-laptop/0/color/yaw_right 020
020/controlled/SR300-laptop/0/color/yaw_small 020
020/controlled/SR300-laptop/1/color/00 020
020/controlled/SR300-laptop/1/color/01 020
020/controlled/SR300-laptop/1/color/02 020
020/controlled/SR300-laptop/1/color/03 020
020/controlled/SR300-laptop/1/color/04 020
020/controlled/SR300-laptop/1/color/05 020
020/controlled/SR300-laptop/1/color/06 020
020/controlled/SR300-laptop/1/color/07 020
020/controlled/SR300-laptop/1/color/08 020
020/controlled/SR300-laptop/1/color/09 020
020/controlled/SR300-laptop/1/color/pitch_bottom 020
020/controlled/SR300-laptop/1/color/pitch_small 020
020/controlled/SR300-laptop/1/color/pitch_top 020
020/controlled/SR300-laptop/1/color/yaw_left 020
020/controlled/SR300-laptop/1/color/yaw_right 020
020/controlled/SR300-laptop/1/color/yaw_small 020
020/controlled/SR300-mobile/0/color/00 020
020/controlled/SR300-mobile/0/color/01 020
020/controlled/SR300-mobile/0/color/02 020
020/controlled/SR300-mobile/0/color/03 020
020/controlled/SR300-mobile/0/color/04 020
020/controlled/SR300-mobile/0/color/05 020
020/controlled/SR300-mobile/0/color/06 020
020/controlled/SR300-mobile/0/color/07 020
020/controlled/SR300-mobile/0/color/08 020
020/controlled/SR300-mobile/0/color/09 020
020/controlled/SR300-mobile/0/color/pitch_bottom 020
020/controlled/SR300-mobile/0/color/pitch_small 020
020/controlled/SR300-mobile/0/color/pitch_top 020
020/controlled/SR300-mobile/0/color/yaw_left 020
020/controlled/SR300-mobile/0/color/yaw_right 020
020/controlled/SR300-mobile/0/color/yaw_small 020
020/controlled/SR300-mobile/1/color/00 020
020/controlled/SR300-mobile/1/color/01 020
020/controlled/SR300-mobile/1/color/02 020
020/controlled/SR300-mobile/1/color/03 020
020/controlled/SR300-mobile/1/color/04 020
020/controlled/SR300-mobile/1/color/05 020
020/controlled/SR300-mobile/1/color/06 020
020/controlled/SR300-mobile/1/color/07 020
020/controlled/SR300-mobile/1/color/08 020
020/controlled/SR300-mobile/1/color/09 020
020/controlled/SR300-mobile/1/color/pitch_bottom 020
020/controlled/SR300-mobile/1/color/pitch_small 020
020/controlled/SR300-mobile/1/color/pitch_top 020
020/controlled/SR300-mobile/1/color/yaw_left 020
020/controlled/SR300-mobile/1/color/yaw_right 020
020/controlled/SR300-mobile/1/color/yaw_small 020
021/controlled/SR300-laptop/0/color/00 021
021/controlled/SR300-laptop/0/color/01 021
021/controlled/SR300-laptop/0/color/02 021
021/controlled/SR300-laptop/0/color/03 021
021/controlled/SR300-laptop/0/color/04 021
021/controlled/SR300-laptop/0/color/05 021
021/controlled/SR300-laptop/0/color/06 021
021/controlled/SR300-laptop/0/color/07 021
021/controlled/SR300-laptop/0/color/08 021
021/controlled/SR300-laptop/0/color/09 021
021/controlled/SR300-laptop/0/color/pitch_bottom 021
021/controlled/SR300-laptop/0/color/pitch_small 021
021/controlled/SR300-laptop/0/color/pitch_top 021
021/controlled/SR300-laptop/0/color/yaw_left 021
021/controlled/SR300-laptop/0/color/yaw_right 021
021/controlled/SR300-laptop/0/color/yaw_small 021
021/controlled/SR300-laptop/1/color/00 021
021/controlled/SR300-laptop/1/color/01 021
021/controlled/SR300-laptop/1/color/02 021
021/controlled/SR300-laptop/1/color/03 021
021/controlled/SR300-laptop/1/color/04 021
021/controlled/SR300-laptop/1/color/05 021
021/controlled/SR300-laptop/1/color/06 021
021/controlled/SR300-laptop/1/color/07 021
021/controlled/SR300-laptop/1/color/08 021
021/controlled/SR300-laptop/1/color/09 021
021/controlled/SR300-laptop/1/color/pitch_bottom 021
021/controlled/SR300-laptop/1/color/pitch_small 021
021/controlled/SR300-laptop/1/color/pitch_top 021
021/controlled/SR300-laptop/1/color/yaw_left 021
021/controlled/SR300-laptop/1/color/yaw_right 021
021/controlled/SR300-laptop/1/color/yaw_small 021
021/controlled/SR300-mobile/0/color/00 021
021/controlled/SR300-mobile/0/color/01 021
021/controlled/SR300-mobile/0/color/02 021
021/controlled/SR300-mobile/0/color/03 021
021/controlled/SR300-mobile/0/color/04 021
021/controlled/SR300-mobile/0/color/05 021
021/controlled/SR300-mobile/0/color/06 021
021/controlled/SR300-mobile/0/color/07 021
021/controlled/SR300-mobile/0/color/08 021
021/controlled/SR300-mobile/0/color/09 021
021/controlled/SR300-mobile/0/color/pitch_bottom 021
021/controlled/SR300-mobile/0/color/pitch_small 021
021/controlled/SR300-mobile/0/color/pitch_top 021
021/controlled/SR300-mobile/0/color/yaw_left 021
021/controlled/SR300-mobile/0/color/yaw_right 021
021/controlled/SR300-mobile/0/color/yaw_small 021
021/controlled/SR300-mobile/1/color/00 021
021/controlled/SR300-mobile/1/color/01 021
021/controlled/SR300-mobile/1/color/02 021
021/controlled/SR300-mobile/1/color/03 021
021/controlled/SR300-mobile/1/color/04 021
021/controlled/SR300-mobile/1/color/05 021
021/controlled/SR300-mobile/1/color/06 021
021/controlled/SR300-mobile/1/color/07 021
021/controlled/SR300-mobile/1/color/08 021
021/controlled/SR300-mobile/1/color/09 021
021/controlled/SR300-mobile/1/color/pitch_bottom 021
021/controlled/SR300-mobile/1/color/pitch_small 021
021/controlled/SR300-mobile/1/color/pitch_top 021
021/controlled/SR300-mobile/1/color/yaw_left 021
021/controlled/SR300-mobile/1/color/yaw_right 021
021/controlled/SR300-mobile/1/color/yaw_small 021
022/controlled/SR300-laptop/0/color/00 022
022/controlled/SR300-laptop/0/color/01 022
022/controlled/SR300-laptop/0/color/02 022
022/controlled/SR300-laptop/0/color/03 022
022/controlled/SR300-laptop/0/color/04 022
022/controlled/SR300-laptop/0/color/05 022
022/controlled/SR300-laptop/0/color/06 022
022/controlled/SR300-laptop/0/color/07 022
022/controlled/SR300-laptop/0/color/08 022
022/controlled/SR300-laptop/0/color/09 022
022/controlled/SR300-laptop/0/color/pitch_bottom 022
022/controlled/SR300-laptop/0/color/pitch_small 022
022/controlled/SR300-laptop/0/color/pitch_top 022
022/controlled/SR300-laptop/0/color/yaw_left 022
022/controlled/SR300-laptop/0/color/yaw_right 022
022/controlled/SR300-laptop/0/color/yaw_small 022
022/controlled/SR300-laptop/1/color/00 022
022/controlled/SR300-laptop/1/color/01 022
022/controlled/SR300-laptop/1/color/02 022
022/controlled/SR300-laptop/1/color/03 022
022/controlled/SR300-laptop/1/color/04 022
022/controlled/SR300-laptop/1/color/05 022
022/controlled/SR300-laptop/1/color/06 022
022/controlled/SR300-laptop/1/color/07 022
022/controlled/SR300-laptop/1/color/08 022
022/controlled/SR300-laptop/1/color/09 022
022/controlled/SR300-laptop/1/color/pitch_bottom 022
022/controlled/SR300-laptop/1/color/pitch_small 022
022/controlled/SR300-laptop/1/color/pitch_top 022
022/controlled/SR300-laptop/1/color/yaw_left 022
022/controlled/SR300-laptop/1/color/yaw_right 022
022/controlled/SR300-laptop/1/color/yaw_small 022
022/controlled/SR300-mobile/0/color/00 022
022/controlled/SR300-mobile/0/color/01 022
022/controlled/SR300-mobile/0/color/02 022
022/controlled/SR300-mobile/0/color/03 022
022/controlled/SR300-mobile/0/color/04 022
022/controlled/SR300-mobile/0/color/05 022
022/controlled/SR300-mobile/0/color/06 022
022/controlled/SR300-mobile/0/color/07 022
022/controlled/SR300-mobile/0/color/08 022
022/controlled/SR300-mobile/0/color/09 022
022/controlled/SR300-mobile/0/color/pitch_bottom 022
022/controlled/SR300-mobile/0/color/pitch_small 022
022/controlled/SR300-mobile/0/color/pitch_top 022
022/controlled/SR300-mobile/0/color/yaw_left 022
022/controlled/SR300-mobile/0/color/yaw_right 022
022/controlled/SR300-mobile/0/color/yaw_small 022
022/controlled/SR300-mobile/1/color/00 022
022/controlled/SR300-mobile/1/color/01 022
022/controlled/SR300-mobile/1/color/02 022
022/controlled/SR300-mobile/1/color/03 022
022/controlled/SR300-mobile/1/color/04 022
022/controlled/SR300-mobile/1/color/05 022
022/controlled/SR300-mobile/1/color/06 022
022/controlled/SR300-mobile/1/color/07 022
022/controlled/SR300-mobile/1/color/08 022
022/controlled/SR300-mobile/1/color/09 022
022/controlled/SR300-mobile/1/color/pitch_bottom 022
022/controlled/SR300-mobile/1/color/pitch_small 022
022/controlled/SR300-mobile/1/color/pitch_top 022
022/controlled/SR300-mobile/1/color/yaw_left 022
022/controlled/SR300-mobile/1/color/yaw_right 022
022/controlled/SR300-mobile/1/color/yaw_small 022
023/controlled/SR300-laptop/0/color/00 023
023/controlled/SR300-laptop/0/color/01 023
023/controlled/SR300-laptop/0/color/02 023
023/controlled/SR300-laptop/0/color/03 023
023/controlled/SR300-laptop/0/color/04 023
023/controlled/SR300-laptop/0/color/05 023
023/controlled/SR300-laptop/0/color/06 023
023/controlled/SR300-laptop/0/color/07 023
023/controlled/SR300-laptop/0/color/08 023
023/controlled/SR300-laptop/0/color/09 023
023/controlled/SR300-laptop/0/color/pitch_bottom 023
023/controlled/SR300-laptop/0/color/pitch_small 023
023/controlled/SR300-laptop/0/color/pitch_top 023
023/controlled/SR300-laptop/0/color/yaw_left 023
023/controlled/SR300-laptop/0/color/yaw_right 023
023/controlled/SR300-laptop/0/color/yaw_small 023
023/controlled/SR300-laptop/1/color/00 023
023/controlled/SR300-laptop/1/color/01 023
023/controlled/SR300-laptop/1/color/02 023
023/controlled/SR300-laptop/1/color/03 023
023/controlled/SR300-laptop/1/color/04 023
023/controlled/SR300-laptop/1/color/05 023
023/controlled/SR300-laptop/1/color/06 023
023/controlled/SR300-laptop/1/color/07 023
023/controlled/SR300-laptop/1/color/08 023
023/controlled/SR300-laptop/1/color/09 023
023/controlled/SR300-laptop/1/color/pitch_bottom 023
023/controlled/SR300-laptop/1/color/pitch_small 023
023/controlled/SR300-laptop/1/color/pitch_top 023
023/controlled/SR300-laptop/1/color/yaw_left 023
023/controlled/SR300-laptop/1/color/yaw_right 023
023/controlled/SR300-laptop/1/color/yaw_small 023
023/controlled/SR300-mobile/0/color/00 023
023/controlled/SR300-mobile/0/color/01 023
023/controlled/SR300-mobile/0/color/02 023
023/controlled/SR300-mobile/0/color/03 023
023/controlled/SR300-mobile/0/color/04 023
023/controlled/SR300-mobile/0/color/05 023
023/controlled/SR300-mobile/0/color/06 023
023/controlled/SR300-mobile/0/color/07 023
023/controlled/SR300-mobile/0/color/08 023
023/controlled/SR300-mobile/0/color/09 023
023/controlled/SR300-mobile/0/color/pitch_bottom 023
023/controlled/SR300-mobile/0/color/pitch_small 023
023/controlled/SR300-mobile/0/color/pitch_top 023
023/controlled/SR300-mobile/0/color/yaw_left 023
023/controlled/SR300-mobile/0/color/yaw_right 023
023/controlled/SR300-mobile/0/color/yaw_small 023
023/controlled/SR300-mobile/1/color/00 023
023/controlled/SR300-mobile/1/color/01 023
023/controlled/SR300-mobile/1/color/02 023
023/controlled/SR300-mobile/1/color/03 023
023/controlled/SR300-mobile/1/color/04 023
023/controlled/SR300-mobile/1/color/05 023
023/controlled/SR300-mobile/1/color/06 023
023/controlled/SR300-mobile/1/color/07 023
023/controlled/SR300-mobile/1/color/08 023
023/controlled/SR300-mobile/1/color/09 023
023/controlled/SR300-mobile/1/color/pitch_bottom 023
023/controlled/SR300-mobile/1/color/pitch_small 023
023/controlled/SR300-mobile/1/color/pitch_top 023
023/controlled/SR300-mobile/1/color/yaw_left 023
023/controlled/SR300-mobile/1/color/yaw_right 023
023/controlled/SR300-mobile/1/color/yaw_small 023
024/controlled/SR300-laptop/0/color/00 024
024/controlled/SR300-laptop/0/color/01 024
024/controlled/SR300-laptop/0/color/02 024
024/controlled/SR300-laptop/0/color/03 024
024/controlled/SR300-laptop/0/color/04 024
024/controlled/SR300-laptop/0/color/05 024
024/controlled/SR300-laptop/0/color/06 024
024/controlled/SR300-laptop/0/color/07 024
024/controlled/SR300-laptop/0/color/08 024
024/controlled/SR300-laptop/0/color/09 024
024/controlled/SR300-laptop/0/color/pitch_bottom 024
024/controlled/SR300-laptop/0/color/pitch_small 024
024/controlled/SR300-laptop/0/color/pitch_top 024
024/controlled/SR300-laptop/0/color/yaw_left 024
024/controlled/SR300-laptop/0/color/yaw_right 024
024/controlled/SR300-laptop/0/color/yaw_small 024
024/controlled/SR300-laptop/1/color/00 024
024/controlled/SR300-laptop/1/color/01 024
024/controlled/SR300-laptop/1/color/02 024
024/controlled/SR300-laptop/1/color/03 024
024/controlled/SR300-laptop/1/color/04 024
024/controlled/SR300-laptop/1/color/05 024
024/controlled/SR300-laptop/1/color/06 024
024/controlled/SR300-laptop/1/color/07 024
024/controlled/SR300-laptop/1/color/08 024
024/controlled/SR300-laptop/1/color/09 024
024/controlled/SR300-laptop/1/color/pitch_bottom 024
024/controlled/SR300-laptop/1/color/pitch_small 024
024/controlled/SR300-laptop/1/color/pitch_top 024
024/controlled/SR300-laptop/1/color/yaw_left 024
024/controlled/SR300-laptop/1/color/yaw_right 024
024/controlled/SR300-laptop/1/color/yaw_small 024
024/controlled/SR300-mobile/0/color/00 024
024/controlled/SR300-mobile/0/color/01 024
024/controlled/SR300-mobile/0/color/02 024
024/controlled/SR300-mobile/0/color/03 024
024/controlled/SR300-mobile/0/color/04 024
024/controlled/SR300-mobile/0/color/05 024
024/controlled/SR300-mobile/0/color/06 024
024/controlled/SR300-mobile/0/color/07 024
024/controlled/SR300-mobile/0/color/08 024
024/controlled/SR300-mobile/0/color/09 024
024/controlled/SR300-mobile/0/color/pitch_bottom 024
024/controlled/SR300-mobile/0/color/pitch_small 024
024/controlled/SR300-mobile/0/color/pitch_top 024
024/controlled/SR300-mobile/0/color/yaw_left 024
024/controlled/SR300-mobile/0/color/yaw_right 024
024/controlled/SR300-mobile/0/color/yaw_small 024
024/controlled/SR300-mobile/1/color/00 024
024/controlled/SR300-mobile/1/color/01 024
024/controlled/SR300-mobile/1/color/02 024
024/controlled/SR300-mobile/1/color/03 024
024/controlled/SR300-mobile/1/color/04 024
024/controlled/SR300-mobile/1/color/05 024
024/controlled/SR300-mobile/1/color/06 024
024/controlled/SR300-mobile/1/color/07 024
024/controlled/SR300-mobile/1/color/08 024
024/controlled/SR300-mobile/1/color/09 024
024/controlled/SR300-mobile/1/color/pitch_bottom 024
024/controlled/SR300-mobile/1/color/pitch_small 024
024/controlled/SR300-mobile/1/color/pitch_top 024
024/controlled/SR300-mobile/1/color/yaw_left 024
024/controlled/SR300-mobile/1/color/yaw_right 024
024/controlled/SR300-mobile/1/color/yaw_small 024
025/controlled/SR300-laptop/0/color/00 025
025/controlled/SR300-laptop/0/color/01 025
025/controlled/SR300-laptop/0/color/02 025
025/controlled/SR300-laptop/0/color/03 025
025/controlled/SR300-laptop/0/color/04 025
025/controlled/SR300-laptop/0/color/05 025
025/controlled/SR300-laptop/0/color/06 025
025/controlled/SR300-laptop/0/color/07 025
025/controlled/SR300-laptop/0/color/08 025
025/controlled/SR300-laptop/0/color/09 025
025/controlled/SR300-laptop/0/color/pitch_bottom 025
025/controlled/SR300-laptop/0/color/pitch_small 025
025/controlled/SR300-laptop/0/color/pitch_top 025
025/controlled/SR300-laptop/0/color/yaw_left 025
025/controlled/SR300-laptop/0/color/yaw_right 025
025/controlled/SR300-laptop/0/color/yaw_small 025
025/controlled/SR300-laptop/1/color/00 025
025/controlled/SR300-laptop/1/color/01 025
025/controlled/SR300-laptop/1/color/02 025
025/controlled/SR300-laptop/1/color/03 025
025/controlled/SR300-laptop/1/color/04 025
025/controlled/SR300-laptop/1/color/05 025
025/controlled/SR300-laptop/1/color/06 025
025/controlled/SR300-laptop/1/color/07 025
025/controlled/SR300-laptop/1/color/08 025
025/controlled/SR300-laptop/1/color/09 025
025/controlled/SR300-laptop/1/color/pitch_bottom 025
025/controlled/SR300-laptop/1/color/pitch_small 025
025/controlled/SR300-laptop/1/color/pitch_top 025
025/controlled/SR300-laptop/1/color/yaw_left 025
025/controlled/SR300-laptop/1/color/yaw_right 025
025/controlled/SR300-laptop/1/color/yaw_small 025
025/controlled/SR300-mobile/0/color/00 025
025/controlled/SR300-mobile/0/color/01 025
025/controlled/SR300-mobile/0/color/02 025
025/controlled/SR300-mobile/0/color/03 025
025/controlled/SR300-mobile/0/color/04 025
025/controlled/SR300-mobile/0/color/05 025
025/controlled/SR300-mobile/0/color/06 025
025/controlled/SR300-mobile/0/color/07 025
025/controlled/SR300-mobile/0/color/08 025
025/controlled/SR300-mobile/0/color/09 025
025/controlled/SR300-mobile/0/color/pitch_bottom 025
025/controlled/SR300-mobile/0/color/pitch_small 025
025/controlled/SR300-mobile/0/color/pitch_top 025
025/controlled/SR300-mobile/0/color/yaw_left 025
025/controlled/SR300-mobile/0/color/yaw_right 025
025/controlled/SR300-mobile/0/color/yaw_small 025
025/controlled/SR300-mobile/1/color/00 025
025/controlled/SR300-mobile/1/color/01 025
025/controlled/SR300-mobile/1/color/02 025
025/controlled/SR300-mobile/1/color/03 025
025/controlled/SR300-mobile/1/color/04 025
025/controlled/SR300-mobile/1/color/05 025
025/controlled/SR300-mobile/1/color/06 025
025/controlled/SR300-mobile/1/color/07 025
025/controlled/SR300-mobile/1/color/08 025
025/controlled/SR300-mobile/1/color/09 025
025/controlled/SR300-mobile/1/color/pitch_bottom 025
025/controlled/SR300-mobile/1/color/pitch_small 025
025/controlled/SR300-mobile/1/color/pitch_top 025
025/controlled/SR300-mobile/1/color/yaw_left 025
025/controlled/SR300-mobile/1/color/yaw_right 025
025/controlled/SR300-mobile/1/color/yaw_small 025
